Analysis & Synthesis report for ex19
Mon Dec 11 00:16:49 2017
Quartus Prime Version 17.1.0 Build 590 10/25/2017 SJ Lite Edition


---------------------
; Table of Contents ;
---------------------
  1. Legal Notice
  2. Analysis & Synthesis Summary
  3. Analysis & Synthesis Settings
  4. Parallel Compilation
  5. Analysis & Synthesis Source Files Read
  6. Analysis & Synthesis Resource Usage Summary
  7. Analysis & Synthesis Resource Utilization by Entity
  8. Analysis & Synthesis RAM Summary
  9. Analysis & Synthesis IP Cores Summary
 10. State Machine - |ex19_top|processor:ALLPASS|pulse_gen:comb_10|state
 11. State Machine - |ex19_top|spi2adc:SPI_ADC|sr_state
 12. State Machine - |ex19_top|spi2dac:SPI_DAC|sr_state
 13. Registers Removed During Synthesis
 14. Removed Registers Triggering Further Register Optimizations
 15. General Register Statistics
 16. Inverted Register Statistics
 17. Source assignments for processor:ALLPASS|RAM:comb_11|altsyncram:altsyncram_component|altsyncram_ip02:auto_generated
 18. Parameter Settings for User Entity Instance: clktick_16:GEN_10K
 19. Parameter Settings for User Entity Instance: spi2dac:SPI_DAC
 20. Parameter Settings for User Entity Instance: spi2adc:SPI_ADC
 21. Parameter Settings for User Entity Instance: processor:ALLPASS
 22. Parameter Settings for User Entity Instance: processor:ALLPASS|counter_13:comb_4
 23. Parameter Settings for User Entity Instance: processor:ALLPASS|mult:m1|lpm_mult:lpm_mult_component
 24. Parameter Settings for User Entity Instance: processor:ALLPASS|pulse_gen:comb_10
 25. Parameter Settings for User Entity Instance: processor:ALLPASS|RAM:comb_11|altsyncram:altsyncram_component
 26. lpm_mult Parameter Settings by Entity Instance
 27. altsyncram Parameter Settings by Entity Instance
 28. Port Connectivity Checks: "processor:ALLPASS|bin2bcd_16:comb_5|add3_ge5:A31"
 29. Port Connectivity Checks: "processor:ALLPASS|bin2bcd_16:comb_5|add3_ge5:A19"
 30. Port Connectivity Checks: "processor:ALLPASS|bin2bcd_16:comb_5|add3_ge5:A10"
 31. Port Connectivity Checks: "processor:ALLPASS|bin2bcd_16:comb_5|add3_ge5:A4"
 32. Port Connectivity Checks: "processor:ALLPASS|bin2bcd_16:comb_5|add3_ge5:A1"
 33. Port Connectivity Checks: "processor:ALLPASS|bin2bcd_16:comb_5"
 34. Port Connectivity Checks: "processor:ALLPASS|mult:m1"
 35. Port Connectivity Checks: "processor:ALLPASS|counter_13:comb_4"
 36. Port Connectivity Checks: "spi2adc:SPI_ADC"
 37. Port Connectivity Checks: "clktick_16:GEN_10K"
 38. Post-Synthesis Netlist Statistics for Top Partition
 39. Elapsed Time Per Partition
 40. Analysis & Synthesis Messages
 41. Analysis & Synthesis Suppressed Messages



----------------
; Legal Notice ;
----------------
Copyright (C) 2017  Intel Corporation. All rights reserved.
Your use of Intel Corporation's design tools, logic functions 
and other software and tools, and its AMPP partner logic 
functions, and any output files from any of the foregoing 
(including device programming or simulation files), and any 
associated documentation or information are expressly subject 
to the terms and conditions of the Intel Program License 
Subscription Agreement, the Intel Quartus Prime License Agreement,
the Intel FPGA IP License Agreement, or other applicable license
agreement, including, without limitation, that your use is for
the sole purpose of programming logic devices manufactured by
Intel and sold by Intel or its authorized distributors.  Please
refer to the applicable agreement for further details.



+-------------------------------------------------------------------------------+
; Analysis & Synthesis Summary                                                  ;
+---------------------------------+---------------------------------------------+
; Analysis & Synthesis Status     ; Successful - Mon Dec 11 00:16:49 2017       ;
; Quartus Prime Version           ; 17.1.0 Build 590 10/25/2017 SJ Lite Edition ;
; Revision Name                   ; ex19                                        ;
; Top-level Entity Name           ; ex19_top                                    ;
; Family                          ; Cyclone V                                   ;
; Logic utilization (in ALMs)     ; N/A                                         ;
; Total registers                 ; 128                                         ;
; Total pins                      ; 47                                          ;
; Total virtual pins              ; 0                                           ;
; Total block memory bits         ; 73,728                                      ;
; Total DSP Blocks                ; 0                                           ;
; Total HSSI RX PCSs              ; 0                                           ;
; Total HSSI PMA RX Deserializers ; 0                                           ;
; Total HSSI TX PCSs              ; 0                                           ;
; Total HSSI PMA TX Serializers   ; 0                                           ;
; Total PLLs                      ; 0                                           ;
; Total DLLs                      ; 0                                           ;
+---------------------------------+---------------------------------------------+


+---------------------------------------------------------------------------------------------------------------------------+
; Analysis & Synthesis Settings                                                                                             ;
+---------------------------------------------------------------------------------+--------------------+--------------------+
; Option                                                                          ; Setting            ; Default Value      ;
+---------------------------------------------------------------------------------+--------------------+--------------------+
; Device                                                                          ; 5CSEMA5F31C6       ;                    ;
; Top-level entity name                                                           ; ex19_top           ; ex19               ;
; Family name                                                                     ; Cyclone V          ; Cyclone V          ;
; Use smart compilation                                                           ; Off                ; Off                ;
; Enable parallel Assembler and TimeQuest Timing Analyzer during compilation      ; On                 ; On                 ;
; Enable compact report table                                                     ; Off                ; Off                ;
; Restructure Multiplexers                                                        ; Auto               ; Auto               ;
; MLAB Add Timing Constraints For Mixed-Port Feed-Through Mode Setting Don't Care ; Off                ; Off                ;
; Create Debugging Nodes for IP Cores                                             ; Off                ; Off                ;
; Preserve fewer node names                                                       ; On                 ; On                 ;
; Intel FPGA IP Evaluation Mode                                                   ; Enable             ; Enable             ;
; Verilog Version                                                                 ; Verilog_2001       ; Verilog_2001       ;
; VHDL Version                                                                    ; VHDL_1993          ; VHDL_1993          ;
; State Machine Processing                                                        ; Auto               ; Auto               ;
; Safe State Machine                                                              ; Off                ; Off                ;
; Extract Verilog State Machines                                                  ; On                 ; On                 ;
; Extract VHDL State Machines                                                     ; On                 ; On                 ;
; Ignore Verilog initial constructs                                               ; Off                ; Off                ;
; Iteration limit for constant Verilog loops                                      ; 5000               ; 5000               ;
; Iteration limit for non-constant Verilog loops                                  ; 250                ; 250                ;
; Add Pass-Through Logic to Inferred RAMs                                         ; On                 ; On                 ;
; Infer RAMs from Raw Logic                                                       ; On                 ; On                 ;
; Parallel Synthesis                                                              ; On                 ; On                 ;
; DSP Block Balancing                                                             ; Auto               ; Auto               ;
; NOT Gate Push-Back                                                              ; On                 ; On                 ;
; Power-Up Don't Care                                                             ; On                 ; On                 ;
; Remove Redundant Logic Cells                                                    ; Off                ; Off                ;
; Remove Duplicate Registers                                                      ; On                 ; On                 ;
; Ignore CARRY Buffers                                                            ; Off                ; Off                ;
; Ignore CASCADE Buffers                                                          ; Off                ; Off                ;
; Ignore GLOBAL Buffers                                                           ; Off                ; Off                ;
; Ignore ROW GLOBAL Buffers                                                       ; Off                ; Off                ;
; Ignore LCELL Buffers                                                            ; Off                ; Off                ;
; Ignore SOFT Buffers                                                             ; On                 ; On                 ;
; Limit AHDL Integers to 32 Bits                                                  ; Off                ; Off                ;
; Optimization Technique                                                          ; Balanced           ; Balanced           ;
; Carry Chain Length                                                              ; 70                 ; 70                 ;
; Auto Carry Chains                                                               ; On                 ; On                 ;
; Auto Open-Drain Pins                                                            ; On                 ; On                 ;
; Perform WYSIWYG Primitive Resynthesis                                           ; Off                ; Off                ;
; Auto ROM Replacement                                                            ; On                 ; On                 ;
; Auto RAM Replacement                                                            ; On                 ; On                 ;
; Auto DSP Block Replacement                                                      ; On                 ; On                 ;
; Auto Shift Register Replacement                                                 ; Auto               ; Auto               ;
; Allow Shift Register Merging across Hierarchies                                 ; Auto               ; Auto               ;
; Auto Clock Enable Replacement                                                   ; On                 ; On                 ;
; Strict RAM Replacement                                                          ; Off                ; Off                ;
; Allow Synchronous Control Signals                                               ; On                 ; On                 ;
; Force Use of Synchronous Clear Signals                                          ; Off                ; Off                ;
; Auto Resource Sharing                                                           ; Off                ; Off                ;
; Allow Any RAM Size For Recognition                                              ; Off                ; Off                ;
; Allow Any ROM Size For Recognition                                              ; Off                ; Off                ;
; Allow Any Shift Register Size For Recognition                                   ; Off                ; Off                ;
; Use LogicLock Constraints during Resource Balancing                             ; On                 ; On                 ;
; Ignore translate_off and synthesis_off directives                               ; Off                ; Off                ;
; Timing-Driven Synthesis                                                         ; On                 ; On                 ;
; Report Parameter Settings                                                       ; On                 ; On                 ;
; Report Source Assignments                                                       ; On                 ; On                 ;
; Report Connectivity Checks                                                      ; On                 ; On                 ;
; Ignore Maximum Fan-Out Assignments                                              ; Off                ; Off                ;
; Synchronization Register Chain Length                                           ; 3                  ; 3                  ;
; Power Optimization During Synthesis                                             ; Normal compilation ; Normal compilation ;
; HDL message level                                                               ; Level2             ; Level2             ;
; Suppress Register Optimization Related Messages                                 ; Off                ; Off                ;
; Number of Removed Registers Reported in Synthesis Report                        ; 5000               ; 5000               ;
; Number of Swept Nodes Reported in Synthesis Report                              ; 5000               ; 5000               ;
; Number of Inverted Registers Reported in Synthesis Report                       ; 100                ; 100                ;
; Clock MUX Protection                                                            ; On                 ; On                 ;
; Auto Gated Clock Conversion                                                     ; Off                ; Off                ;
; Block Design Naming                                                             ; Auto               ; Auto               ;
; SDC constraint protection                                                       ; Off                ; Off                ;
; Synthesis Effort                                                                ; Auto               ; Auto               ;
; Shift Register Replacement - Allow Asynchronous Clear Signal                    ; On                 ; On                 ;
; Pre-Mapping Resynthesis Optimization                                            ; Off                ; Off                ;
; Analysis & Synthesis Message Level                                              ; Medium             ; Medium             ;
; Disable Register Merging Across Hierarchies                                     ; Auto               ; Auto               ;
; Resource Aware Inference For Block RAM                                          ; On                 ; On                 ;
; Automatic Parallel Synthesis                                                    ; On                 ; On                 ;
; Partial Reconfiguration Bitstream ID                                            ; Off                ; Off                ;
+---------------------------------------------------------------------------------+--------------------+--------------------+


+------------------------------------------+
; Parallel Compilation                     ;
+----------------------------+-------------+
; Processors                 ; Number      ;
+----------------------------+-------------+
; Number detected on machine ; 4           ;
; Maximum allowed            ; 2           ;
;                            ;             ;
; Average used               ; 1.00        ;
; Maximum used               ; 2           ;
;                            ;             ;
; Usage by Processor         ; % Time Used ;
;     Processor 1            ; 100.0%      ;
;     Processor 2            ;   0.0%      ;
+----------------------------+-------------+


+---------------------------------------------------------------------------------------------------------------------------------------------------------------------------------------------+
; Analysis & Synthesis Source Files Read                                                                                                                                                      ;
+---------------------------------------------+-----------------+------------------------------+------------------------------------------------------------------------------------+---------+
; File Name with User-Entered Path            ; Used in Netlist ; File Type                    ; File Name with Absolute Path                                                       ; Library ;
+---------------------------------------------+-----------------+------------------------------+------------------------------------------------------------------------------------+---------+
; ../ex16/ex16_proto/ex16_proto/clktick_16.v  ; yes             ; User Verilog HDL File        ; C:/Users/fvice/Downloads/VERI/VERI/part_4/ex16/ex16_proto/ex16_proto/clktick_16.v  ;         ;
; ../ex16/ex16_proto/ex16_proto/bin2bcd_16.v  ; yes             ; User Verilog HDL File        ; C:/Users/fvice/Downloads/VERI/VERI/part_4/ex16/ex16_proto/ex16_proto/bin2bcd_16.v  ;         ;
; ../ex16/ex16_proto/ex16_proto/add3_ge5.v    ; yes             ; User Verilog HDL File        ; C:/Users/fvice/Downloads/VERI/VERI/part_4/ex16/ex16_proto/ex16_proto/add3_ge5.v    ;         ;
; ../ex16/ex16_proto/ex16_proto/spi2dac.v     ; yes             ; User Verilog HDL File        ; C:/Users/fvice/Downloads/VERI/VERI/part_4/ex16/ex16_proto/ex16_proto/spi2dac.v     ;         ;
; ../ex16/ex16_proto/ex16_proto/spi2adc.v     ; yes             ; User Verilog HDL File        ; C:/Users/fvice/Downloads/VERI/VERI/part_4/ex16/ex16_proto/ex16_proto/spi2adc.v     ;         ;
; ../ex16/ex16_proto/ex16_proto/pwm.v         ; yes             ; User Verilog HDL File        ; C:/Users/fvice/Downloads/VERI/VERI/part_4/ex16/ex16_proto/ex16_proto/pwm.v         ;         ;
; ../ex16/ex16_proto/ex16_proto/pulse_gen.v   ; yes             ; User Verilog HDL File        ; C:/Users/fvice/Downloads/VERI/VERI/part_4/ex16/ex16_proto/ex16_proto/pulse_gen.v   ;         ;
; ../ex16/ex16_proto/ex16_proto/hex_to_7seg.v ; yes             ; User Verilog HDL File        ; C:/Users/fvice/Downloads/VERI/VERI/part_4/ex16/ex16_proto/ex16_proto/hex_to_7seg.v ;         ;
; processor.v                                 ; yes             ; User Verilog HDL File        ; C:/Users/fvice/Downloads/VERI/VERI/part_4/ex19/processor.v                         ;         ;
; ex19_top.v                                  ; yes             ; User Verilog HDL File        ; C:/Users/fvice/Downloads/VERI/VERI/part_4/ex19/ex19_top.v                          ;         ;
; counter_13.v                                ; yes             ; User Verilog HDL File        ; C:/Users/fvice/Downloads/VERI/VERI/part_4/ex19/counter_13.v                        ;         ;
; RAM.v                                       ; yes             ; User Wizard-Generated File   ; C:/Users/fvice/Downloads/VERI/VERI/part_4/ex19/RAM.v                               ;         ;
; mult.v                                      ; yes             ; User Wizard-Generated File   ; C:/Users/fvice/Downloads/VERI/VERI/part_4/ex19/mult.v                              ;         ;
; lpm_mult.tdf                                ; yes             ; Megafunction                 ; c:/intelfpga_lite/17.1/quartus/libraries/megafunctions/lpm_mult.tdf                ;         ;
; aglobal171.inc                              ; yes             ; Megafunction                 ; c:/intelfpga_lite/17.1/quartus/libraries/megafunctions/aglobal171.inc              ;         ;
; lpm_add_sub.inc                             ; yes             ; Megafunction                 ; c:/intelfpga_lite/17.1/quartus/libraries/megafunctions/lpm_add_sub.inc             ;         ;
; multcore.inc                                ; yes             ; Megafunction                 ; c:/intelfpga_lite/17.1/quartus/libraries/megafunctions/multcore.inc                ;         ;
; bypassff.inc                                ; yes             ; Megafunction                 ; c:/intelfpga_lite/17.1/quartus/libraries/megafunctions/bypassff.inc                ;         ;
; altshift.inc                                ; yes             ; Megafunction                 ; c:/intelfpga_lite/17.1/quartus/libraries/megafunctions/altshift.inc                ;         ;
; multcore.tdf                                ; yes             ; Megafunction                 ; c:/intelfpga_lite/17.1/quartus/libraries/megafunctions/multcore.tdf                ;         ;
; csa_add.inc                                 ; yes             ; Megafunction                 ; c:/intelfpga_lite/17.1/quartus/libraries/megafunctions/csa_add.inc                 ;         ;
; mpar_add.inc                                ; yes             ; Megafunction                 ; c:/intelfpga_lite/17.1/quartus/libraries/megafunctions/mpar_add.inc                ;         ;
; muleabz.inc                                 ; yes             ; Megafunction                 ; c:/intelfpga_lite/17.1/quartus/libraries/megafunctions/muleabz.inc                 ;         ;
; mul_lfrg.inc                                ; yes             ; Megafunction                 ; c:/intelfpga_lite/17.1/quartus/libraries/megafunctions/mul_lfrg.inc                ;         ;
; mul_boothc.inc                              ; yes             ; Megafunction                 ; c:/intelfpga_lite/17.1/quartus/libraries/megafunctions/mul_boothc.inc              ;         ;
; alt_ded_mult.inc                            ; yes             ; Megafunction                 ; c:/intelfpga_lite/17.1/quartus/libraries/megafunctions/alt_ded_mult.inc            ;         ;
; alt_ded_mult_y.inc                          ; yes             ; Megafunction                 ; c:/intelfpga_lite/17.1/quartus/libraries/megafunctions/alt_ded_mult_y.inc          ;         ;
; dffpipe.inc                                 ; yes             ; Megafunction                 ; c:/intelfpga_lite/17.1/quartus/libraries/megafunctions/dffpipe.inc                 ;         ;
; mpar_add.tdf                                ; yes             ; Megafunction                 ; c:/intelfpga_lite/17.1/quartus/libraries/megafunctions/mpar_add.tdf                ;         ;
; lpm_add_sub.tdf                             ; yes             ; Megafunction                 ; c:/intelfpga_lite/17.1/quartus/libraries/megafunctions/lpm_add_sub.tdf             ;         ;
; addcore.inc                                 ; yes             ; Megafunction                 ; c:/intelfpga_lite/17.1/quartus/libraries/megafunctions/addcore.inc                 ;         ;
; look_add.inc                                ; yes             ; Megafunction                 ; c:/intelfpga_lite/17.1/quartus/libraries/megafunctions/look_add.inc                ;         ;
; alt_stratix_add_sub.inc                     ; yes             ; Megafunction                 ; c:/intelfpga_lite/17.1/quartus/libraries/megafunctions/alt_stratix_add_sub.inc     ;         ;
; db/add_sub_a9h.tdf                          ; yes             ; Auto-Generated Megafunction  ; C:/Users/fvice/Downloads/VERI/VERI/part_4/ex19/db/add_sub_a9h.tdf                  ;         ;
; db/add_sub_e9h.tdf                          ; yes             ; Auto-Generated Megafunction  ; C:/Users/fvice/Downloads/VERI/VERI/part_4/ex19/db/add_sub_e9h.tdf                  ;         ;
; altshift.tdf                                ; yes             ; Megafunction                 ; c:/intelfpga_lite/17.1/quartus/libraries/megafunctions/altshift.tdf                ;         ;
; altsyncram.tdf                              ; yes             ; Megafunction                 ; c:/intelfpga_lite/17.1/quartus/libraries/megafunctions/altsyncram.tdf              ;         ;
; stratix_ram_block.inc                       ; yes             ; Megafunction                 ; c:/intelfpga_lite/17.1/quartus/libraries/megafunctions/stratix_ram_block.inc       ;         ;
; lpm_mux.inc                                 ; yes             ; Megafunction                 ; c:/intelfpga_lite/17.1/quartus/libraries/megafunctions/lpm_mux.inc                 ;         ;
; lpm_decode.inc                              ; yes             ; Megafunction                 ; c:/intelfpga_lite/17.1/quartus/libraries/megafunctions/lpm_decode.inc              ;         ;
; a_rdenreg.inc                               ; yes             ; Megafunction                 ; c:/intelfpga_lite/17.1/quartus/libraries/megafunctions/a_rdenreg.inc               ;         ;
; altrom.inc                                  ; yes             ; Megafunction                 ; c:/intelfpga_lite/17.1/quartus/libraries/megafunctions/altrom.inc                  ;         ;
; altram.inc                                  ; yes             ; Megafunction                 ; c:/intelfpga_lite/17.1/quartus/libraries/megafunctions/altram.inc                  ;         ;
; altdpram.inc                                ; yes             ; Megafunction                 ; c:/intelfpga_lite/17.1/quartus/libraries/megafunctions/altdpram.inc                ;         ;
; db/altsyncram_ip02.tdf                      ; yes             ; Auto-Generated Megafunction  ; C:/Users/fvice/Downloads/VERI/VERI/part_4/ex19/db/altsyncram_ip02.tdf              ;         ;
+---------------------------------------------+-----------------+------------------------------+------------------------------------------------------------------------------------+---------+


+--------------------------------------------------------------+
; Analysis & Synthesis Resource Usage Summary                  ;
+---------------------------------------------+----------------+
; Resource                                    ; Usage          ;
+---------------------------------------------+----------------+
; Estimate of Logic utilization (ALMs needed) ; 121            ;
;                                             ;                ;
; Combinational ALUT usage for logic          ; 213            ;
;     -- 7 input functions                    ; 0              ;
;     -- 6 input functions                    ; 14             ;
;     -- 5 input functions                    ; 25             ;
;     -- 4 input functions                    ; 74             ;
;     -- <=3 input functions                  ; 100            ;
;                                             ;                ;
; Dedicated logic registers                   ; 128            ;
;                                             ;                ;
; I/O pins                                    ; 47             ;
; Total MLAB memory bits                      ; 0              ;
; Total block memory bits                     ; 73728          ;
;                                             ;                ;
; Total DSP Blocks                            ; 0              ;
;                                             ;                ;
; Maximum fan-out node                        ; CLOCK_50~input ;
; Maximum fan-out                             ; 74             ;
; Total fan-out                               ; 1361           ;
; Average fan-out                             ; 3.07           ;
+---------------------------------------------+----------------+


+--------------------------------------------------------------------------------------------------------------------------------------------------------------------------------------------------------------------------------------------------------------------------------------------------------------------------------------------------------------------------+
; Analysis & Synthesis Resource Utilization by Entity                                                                                                                                                                                                                                                                                                                      ;
+------------------------------------------------------+---------------------+---------------------------+-------------------+------------+------+--------------+-------------------------------------------------------------------------------------------------------------------------------------------------------------------------+-----------------+--------------+
; Compilation Hierarchy Node                           ; Combinational ALUTs ; Dedicated Logic Registers ; Block Memory Bits ; DSP Blocks ; Pins ; Virtual Pins ; Full Hierarchy Name                                                                                                                                                     ; Entity Name     ; Library Name ;
+------------------------------------------------------+---------------------+---------------------------+-------------------+------------+------+--------------+-------------------------------------------------------------------------------------------------------------------------------------------------------------------------+-----------------+--------------+
; |ex19_top                                            ; 213 (0)             ; 128 (0)                   ; 73728             ; 0          ; 47   ; 0            ; |ex19_top                                                                                                                                                               ; ex19_top        ; work         ;
;    |clktick_16:GEN_10K|                              ; 20 (20)             ; 17 (17)                   ; 0                 ; 0          ; 0    ; 0            ; |ex19_top|clktick_16:GEN_10K                                                                                                                                            ; clktick_16      ; work         ;
;    |processor:ALLPASS|                               ; 136 (23)            ; 25 (10)                   ; 73728             ; 0          ; 0    ; 0            ; |ex19_top|processor:ALLPASS                                                                                                                                             ; processor       ; work         ;
;       |RAM:comb_11|                                  ; 0 (0)               ; 0 (0)                     ; 73728             ; 0          ; 0    ; 0            ; |ex19_top|processor:ALLPASS|RAM:comb_11                                                                                                                                 ; RAM             ; work         ;
;          |altsyncram:altsyncram_component|           ; 0 (0)               ; 0 (0)                     ; 73728             ; 0          ; 0    ; 0            ; |ex19_top|processor:ALLPASS|RAM:comb_11|altsyncram:altsyncram_component                                                                                                 ; altsyncram      ; work         ;
;             |altsyncram_ip02:auto_generated|         ; 0 (0)               ; 0 (0)                     ; 73728             ; 0          ; 0    ; 0            ; |ex19_top|processor:ALLPASS|RAM:comb_11|altsyncram:altsyncram_component|altsyncram_ip02:auto_generated                                                                  ; altsyncram_ip02 ; work         ;
;       |bin2bcd_16:comb_5|                            ; 38 (0)              ; 0 (0)                     ; 0                 ; 0          ; 0    ; 0            ; |ex19_top|processor:ALLPASS|bin2bcd_16:comb_5                                                                                                                           ; bin2bcd_16      ; work         ;
;          |add3_ge5:A12|                              ; 1 (1)               ; 0 (0)                     ; 0                 ; 0          ; 0    ; 0            ; |ex19_top|processor:ALLPASS|bin2bcd_16:comb_5|add3_ge5:A12                                                                                                              ; add3_ge5        ; work         ;
;          |add3_ge5:A15|                              ; 4 (4)               ; 0 (0)                     ; 0                 ; 0          ; 0    ; 0            ; |ex19_top|processor:ALLPASS|bin2bcd_16:comb_5|add3_ge5:A15                                                                                                              ; add3_ge5        ; work         ;
;          |add3_ge5:A18|                              ; 4 (4)               ; 0 (0)                     ; 0                 ; 0          ; 0    ; 0            ; |ex19_top|processor:ALLPASS|bin2bcd_16:comb_5|add3_ge5:A18                                                                                                              ; add3_ge5        ; work         ;
;          |add3_ge5:A21|                              ; 1 (1)               ; 0 (0)                     ; 0                 ; 0          ; 0    ; 0            ; |ex19_top|processor:ALLPASS|bin2bcd_16:comb_5|add3_ge5:A21                                                                                                              ; add3_ge5        ; work         ;
;          |add3_ge5:A22|                              ; 3 (3)               ; 0 (0)                     ; 0                 ; 0          ; 0    ; 0            ; |ex19_top|processor:ALLPASS|bin2bcd_16:comb_5|add3_ge5:A22                                                                                                              ; add3_ge5        ; work         ;
;          |add3_ge5:A25|                              ; 4 (4)               ; 0 (0)                     ; 0                 ; 0          ; 0    ; 0            ; |ex19_top|processor:ALLPASS|bin2bcd_16:comb_5|add3_ge5:A25                                                                                                              ; add3_ge5        ; work         ;
;          |add3_ge5:A26|                              ; 4 (4)               ; 0 (0)                     ; 0                 ; 0          ; 0    ; 0            ; |ex19_top|processor:ALLPASS|bin2bcd_16:comb_5|add3_ge5:A26                                                                                                              ; add3_ge5        ; work         ;
;          |add3_ge5:A29|                              ; 4 (4)               ; 0 (0)                     ; 0                 ; 0          ; 0    ; 0            ; |ex19_top|processor:ALLPASS|bin2bcd_16:comb_5|add3_ge5:A29                                                                                                              ; add3_ge5        ; work         ;
;          |add3_ge5:A30|                              ; 4 (4)               ; 0 (0)                     ; 0                 ; 0          ; 0    ; 0            ; |ex19_top|processor:ALLPASS|bin2bcd_16:comb_5|add3_ge5:A30                                                                                                              ; add3_ge5        ; work         ;
;          |add3_ge5:A33|                              ; 1 (1)               ; 0 (0)                     ; 0                 ; 0          ; 0    ; 0            ; |ex19_top|processor:ALLPASS|bin2bcd_16:comb_5|add3_ge5:A33                                                                                                              ; add3_ge5        ; work         ;
;          |add3_ge5:A34|                              ; 4 (4)               ; 0 (0)                     ; 0                 ; 0          ; 0    ; 0            ; |ex19_top|processor:ALLPASS|bin2bcd_16:comb_5|add3_ge5:A34                                                                                                              ; add3_ge5        ; work         ;
;          |add3_ge5:A35|                              ; 4 (4)               ; 0 (0)                     ; 0                 ; 0          ; 0    ; 0            ; |ex19_top|processor:ALLPASS|bin2bcd_16:comb_5|add3_ge5:A35                                                                                                              ; add3_ge5        ; work         ;
;       |counter_13:comb_4|                            ; 13 (13)             ; 13 (13)                   ; 0                 ; 0          ; 0    ; 0            ; |ex19_top|processor:ALLPASS|counter_13:comb_4                                                                                                                           ; counter_13      ; work         ;
;       |hex_to_7seg:comb_6|                           ; 7 (7)               ; 0 (0)                     ; 0                 ; 0          ; 0    ; 0            ; |ex19_top|processor:ALLPASS|hex_to_7seg:comb_6                                                                                                                          ; hex_to_7seg     ; work         ;
;       |hex_to_7seg:comb_7|                           ; 7 (7)               ; 0 (0)                     ; 0                 ; 0          ; 0    ; 0            ; |ex19_top|processor:ALLPASS|hex_to_7seg:comb_7                                                                                                                          ; hex_to_7seg     ; work         ;
;       |hex_to_7seg:comb_8|                           ; 13 (13)             ; 0 (0)                     ; 0                 ; 0          ; 0    ; 0            ; |ex19_top|processor:ALLPASS|hex_to_7seg:comb_8                                                                                                                          ; hex_to_7seg     ; work         ;
;       |mult:m1|                                      ; 33 (0)              ; 0 (0)                     ; 0                 ; 0          ; 0    ; 0            ; |ex19_top|processor:ALLPASS|mult:m1                                                                                                                                     ; mult            ; work         ;
;          |lpm_mult:lpm_mult_component|               ; 33 (0)              ; 0 (0)                     ; 0                 ; 0          ; 0    ; 0            ; |ex19_top|processor:ALLPASS|mult:m1|lpm_mult:lpm_mult_component                                                                                                         ; lpm_mult        ; work         ;
;             |multcore:mult_core|                     ; 33 (7)              ; 0 (0)                     ; 0                 ; 0          ; 0    ; 0            ; |ex19_top|processor:ALLPASS|mult:m1|lpm_mult:lpm_mult_component|multcore:mult_core                                                                                      ; multcore        ; work         ;
;                |mpar_add:padder|                     ; 26 (0)              ; 0 (0)                     ; 0                 ; 0          ; 0    ; 0            ; |ex19_top|processor:ALLPASS|mult:m1|lpm_mult:lpm_mult_component|multcore:mult_core|mpar_add:padder                                                                      ; mpar_add        ; work         ;
;                   |lpm_add_sub:adder[0]|             ; 15 (0)              ; 0 (0)                     ; 0                 ; 0          ; 0    ; 0            ; |ex19_top|processor:ALLPASS|mult:m1|lpm_mult:lpm_mult_component|multcore:mult_core|mpar_add:padder|lpm_add_sub:adder[0]                                                 ; lpm_add_sub     ; work         ;
;                      |add_sub_a9h:auto_generated|    ; 15 (15)             ; 0 (0)                     ; 0                 ; 0          ; 0    ; 0            ; |ex19_top|processor:ALLPASS|mult:m1|lpm_mult:lpm_mult_component|multcore:mult_core|mpar_add:padder|lpm_add_sub:adder[0]|add_sub_a9h:auto_generated                      ; add_sub_a9h     ; work         ;
;                   |mpar_add:sub_par_add|             ; 11 (0)              ; 0 (0)                     ; 0                 ; 0          ; 0    ; 0            ; |ex19_top|processor:ALLPASS|mult:m1|lpm_mult:lpm_mult_component|multcore:mult_core|mpar_add:padder|mpar_add:sub_par_add                                                 ; mpar_add        ; work         ;
;                      |lpm_add_sub:adder[0]|          ; 11 (0)              ; 0 (0)                     ; 0                 ; 0          ; 0    ; 0            ; |ex19_top|processor:ALLPASS|mult:m1|lpm_mult:lpm_mult_component|multcore:mult_core|mpar_add:padder|mpar_add:sub_par_add|lpm_add_sub:adder[0]                            ; lpm_add_sub     ; work         ;
;                         |add_sub_e9h:auto_generated| ; 11 (11)             ; 0 (0)                     ; 0                 ; 0          ; 0    ; 0            ; |ex19_top|processor:ALLPASS|mult:m1|lpm_mult:lpm_mult_component|multcore:mult_core|mpar_add:padder|mpar_add:sub_par_add|lpm_add_sub:adder[0]|add_sub_e9h:auto_generated ; add_sub_e9h     ; work         ;
;       |pulse_gen:comb_10|                            ; 2 (2)               ; 2 (2)                     ; 0                 ; 0          ; 0    ; 0            ; |ex19_top|processor:ALLPASS|pulse_gen:comb_10                                                                                                                           ; pulse_gen       ; work         ;
;    |pwm:PWM_DC|                                      ; 16 (16)             ; 21 (21)                   ; 0                 ; 0          ; 0    ; 0            ; |ex19_top|pwm:PWM_DC                                                                                                                                                    ; pwm             ; work         ;
;    |spi2adc:SPI_ADC|                                 ; 21 (21)             ; 39 (39)                   ; 0                 ; 0          ; 0    ; 0            ; |ex19_top|spi2adc:SPI_ADC                                                                                                                                               ; spi2adc         ; work         ;
;    |spi2dac:SPI_DAC|                                 ; 20 (20)             ; 26 (26)                   ; 0                 ; 0          ; 0    ; 0            ; |ex19_top|spi2dac:SPI_DAC                                                                                                                                               ; spi2dac         ; work         ;
+------------------------------------------------------+---------------------+---------------------------+-------------------+------------+------+--------------+-------------------------------------------------------------------------------------------------------------------------------------------------------------------------+-----------------+--------------+
Note: For table entries with two numbers listed, the numbers in parentheses indicate the number of resources of the given type used by the specific entity alone. The numbers listed outside of parentheses indicate the total resources of the given type used by the specific entity and all of its sub-entities in the hierarchy.


+--------------------------------------------------------------------------------------------------------------------------------------------------------------------------------------------------------------+
; Analysis & Synthesis RAM Summary                                                                                                                                                                             ;
+---------------------------------------------------------------------------------------------------------+------+------------------+--------------+--------------+--------------+--------------+-------+------+
; Name                                                                                                    ; Type ; Mode             ; Port A Depth ; Port A Width ; Port B Depth ; Port B Width ; Size  ; MIF  ;
+---------------------------------------------------------------------------------------------------------+------+------------------+--------------+--------------+--------------+--------------+-------+------+
; processor:ALLPASS|RAM:comb_11|altsyncram:altsyncram_component|altsyncram_ip02:auto_generated|ALTSYNCRAM ; AUTO ; Simple Dual Port ; 8192         ; 9            ; 8192         ; 9            ; 73728 ; None ;
+---------------------------------------------------------------------------------------------------------+------+------------------+--------------+--------------+--------------+--------------+-------+------+


+---------------------------------------------------------------------------------------------------------------------------+
; Analysis & Synthesis IP Cores Summary                                                                                     ;
+--------+--------------+---------+--------------+--------------+-----------------------------------------+-----------------+
; Vendor ; IP Core Name ; Version ; Release Date ; License Type ; Entity Instance                         ; IP Include File ;
+--------+--------------+---------+--------------+--------------+-----------------------------------------+-----------------+
; Altera ; RAM: 2-PORT  ; 17.1    ; N/A          ; N/A          ; |ex19_top|processor:ALLPASS|RAM:comb_11 ; RAM.v           ;
; Altera ; LPM_MULT     ; 17.1    ; N/A          ; N/A          ; |ex19_top|processor:ALLPASS|mult:m1     ; mult.v          ;
+--------+--------------+---------+--------------+--------------+-----------------------------------------+-----------------+


Encoding Type:  One-Hot
+---------------------------------------------------------------------+
; State Machine - |ex19_top|processor:ALLPASS|pulse_gen:comb_10|state ;
+----------------+------------+----------------+----------------------+
; Name           ; state.IDLE ; state.WAIT_LOW ; state.IN_HIGH        ;
+----------------+------------+----------------+----------------------+
; state.IDLE     ; 0          ; 0              ; 0                    ;
; state.IN_HIGH  ; 1          ; 0              ; 1                    ;
; state.WAIT_LOW ; 1          ; 1              ; 0                    ;
+----------------+------------+----------------+----------------------+


Encoding Type:  One-Hot
+------------------------------------------------------------------------------------------+
; State Machine - |ex19_top|spi2adc:SPI_ADC|sr_state                                       ;
+------------------------+---------------+------------------------+------------------------+
; Name                   ; sr_state.IDLE ; sr_state.WAIT_CSB_HIGH ; sr_state.WAIT_CSB_FALL ;
+------------------------+---------------+------------------------+------------------------+
; sr_state.IDLE          ; 0             ; 0                      ; 0                      ;
; sr_state.WAIT_CSB_FALL ; 1             ; 0                      ; 1                      ;
; sr_state.WAIT_CSB_HIGH ; 1             ; 1                      ; 0                      ;
+------------------------+---------------+------------------------+------------------------+


Encoding Type:  One-Hot
+------------------------------------------------------------------------------------------+
; State Machine - |ex19_top|spi2dac:SPI_DAC|sr_state                                       ;
+------------------------+---------------+------------------------+------------------------+
; Name                   ; sr_state.IDLE ; sr_state.WAIT_CSB_HIGH ; sr_state.WAIT_CSB_FALL ;
+------------------------+---------------+------------------------+------------------------+
; sr_state.IDLE          ; 0             ; 0                      ; 0                      ;
; sr_state.WAIT_CSB_FALL ; 1             ; 0                      ; 1                      ;
; sr_state.WAIT_CSB_HIGH ; 1             ; 1                      ; 0                      ;
+------------------------+---------------+------------------------+------------------------+


+---------------------------------------------------------------------------------------------+
; Registers Removed During Synthesis                                                          ;
+----------------------------------------------------+----------------------------------------+
; Register name                                      ; Reason for Removal                     ;
+----------------------------------------------------+----------------------------------------+
; spi2dac:SPI_DAC|shift_reg[0,1]                     ; Stuck at GND due to stuck port data_in ;
; spi2dac:SPI_DAC|ctr[4]                             ; Merged with spi2adc:SPI_ADC|ctr[4]     ;
; spi2dac:SPI_DAC|ctr[3]                             ; Merged with spi2adc:SPI_ADC|ctr[3]     ;
; spi2dac:SPI_DAC|ctr[2]                             ; Merged with spi2adc:SPI_ADC|ctr[2]     ;
; spi2dac:SPI_DAC|ctr[1]                             ; Merged with spi2adc:SPI_ADC|ctr[1]     ;
; spi2dac:SPI_DAC|ctr[0]                             ; Merged with spi2adc:SPI_ADC|ctr[0]     ;
; processor:ALLPASS|pulse_gen:comb_10|state.IN_HIGH  ; Lost fanout                            ;
; processor:ALLPASS|pulse_gen:comb_10|state.WAIT_LOW ; Lost fanout                            ;
; Total Number of Removed Registers = 9              ;                                        ;
+----------------------------------------------------+----------------------------------------+


+---------------------------------------------------------------------------------------------------+
; Removed Registers Triggering Further Register Optimizations                                       ;
+------------------------------+---------------------------+----------------------------------------+
; Register name                ; Reason for Removal        ; Registers Removed due to This Register ;
+------------------------------+---------------------------+----------------------------------------+
; spi2dac:SPI_DAC|shift_reg[0] ; Stuck at GND              ; spi2dac:SPI_DAC|shift_reg[1]           ;
;                              ; due to stuck port data_in ;                                        ;
+------------------------------+---------------------------+----------------------------------------+


+------------------------------------------------------+
; General Register Statistics                          ;
+----------------------------------------------+-------+
; Statistic                                    ; Value ;
+----------------------------------------------+-------+
; Total registers                              ; 128   ;
; Number of registers using Synchronous Clear  ; 9     ;
; Number of registers using Synchronous Load   ; 9     ;
; Number of registers using Asynchronous Clear ; 0     ;
; Number of registers using Asynchronous Load  ; 0     ;
; Number of registers using Clock Enable       ; 32    ;
; Number of registers using Preset             ; 0     ;
+----------------------------------------------+-------+


+--------------------------------------------------+
; Inverted Register Statistics                     ;
+----------------------------------------+---------+
; Inverted Register                      ; Fan out ;
+----------------------------------------+---------+
; spi2dac:SPI_DAC|dac_cs                 ; 12      ;
; spi2adc:SPI_ADC|adc_cs                 ; 22      ;
; Total number of inverted registers = 2 ;         ;
+----------------------------------------+---------+


+---------------------------------------------------------------------------------------------------------------------+
; Source assignments for processor:ALLPASS|RAM:comb_11|altsyncram:altsyncram_component|altsyncram_ip02:auto_generated ;
+---------------------------------+--------------------+------+-------------------------------------------------------+
; Assignment                      ; Value              ; From ; To                                                    ;
+---------------------------------+--------------------+------+-------------------------------------------------------+
; OPTIMIZE_POWER_DURING_SYNTHESIS ; NORMAL_COMPILATION ; -    ; -                                                     ;
+---------------------------------+--------------------+------+-------------------------------------------------------+


+-----------------------------------------------------------------+
; Parameter Settings for User Entity Instance: clktick_16:GEN_10K ;
+----------------+-------+----------------------------------------+
; Parameter Name ; Value ; Type                                   ;
+----------------+-------+----------------------------------------+
; N_BIT          ; 16    ; Signed Integer                         ;
+----------------+-------+----------------------------------------+
Note: In order to hide this table in the UI and the text report file, please set the "Show Parameter Settings in Synthesis Report" option in "Analysis and Synthesis Settings -> More Settings" to "Off".


+--------------------------------------------------------------+
; Parameter Settings for User Entity Instance: spi2dac:SPI_DAC ;
+----------------+-------+-------------------------------------+
; Parameter Name ; Value ; Type                                ;
+----------------+-------+-------------------------------------+
; BUF            ; 1     ; Unsigned Binary                     ;
; GA_N           ; 1     ; Unsigned Binary                     ;
; SHDN_N         ; 1     ; Unsigned Binary                     ;
; TIME_CONSTANT  ; 11000 ; Unsigned Binary                     ;
; IDLE           ; 00    ; Unsigned Binary                     ;
; WAIT_CSB_FALL  ; 01    ; Unsigned Binary                     ;
; WAIT_CSB_HIGH  ; 10    ; Unsigned Binary                     ;
+----------------+-------+-------------------------------------+
Note: In order to hide this table in the UI and the text report file, please set the "Show Parameter Settings in Synthesis Report" option in "Analysis and Synthesis Settings -> More Settings" to "Off".


+--------------------------------------------------------------+
; Parameter Settings for User Entity Instance: spi2adc:SPI_ADC ;
+----------------+-------+-------------------------------------+
; Parameter Name ; Value ; Type                                ;
+----------------+-------+-------------------------------------+
; SGL            ; 1     ; Unsigned Binary                     ;
; MSBF           ; 1     ; Unsigned Binary                     ;
; TIME_CONSTANT  ; 11000 ; Unsigned Binary                     ;
; IDLE           ; 00    ; Unsigned Binary                     ;
; WAIT_CSB_FALL  ; 01    ; Unsigned Binary                     ;
; WAIT_CSB_HIGH  ; 10    ; Unsigned Binary                     ;
+----------------+-------+-------------------------------------+
Note: In order to hide this table in the UI and the text report file, please set the "Show Parameter Settings in Synthesis Report" option in "Analysis and Synthesis Settings -> More Settings" to "Off".


+----------------------------------------------------------------+
; Parameter Settings for User Entity Instance: processor:ALLPASS ;
+----------------+------------+----------------------------------+
; Parameter Name ; Value      ; Type                             ;
+----------------+------------+----------------------------------+
; ADC_OFFSET     ; 0110000001 ; Unsigned Binary                  ;
; DAC_OFFSET     ; 1000000000 ; Unsigned Binary                  ;
+----------------+------------+----------------------------------+
Note: In order to hide this table in the UI and the text report file, please set the "Show Parameter Settings in Synthesis Report" option in "Analysis and Synthesis Settings -> More Settings" to "Off".


+----------------------------------------------------------------------------------+
; Parameter Settings for User Entity Instance: processor:ALLPASS|counter_13:comb_4 ;
+----------------+-------+---------------------------------------------------------+
; Parameter Name ; Value ; Type                                                    ;
+----------------+-------+---------------------------------------------------------+
; BIT_SZ         ; 13    ; Signed Integer                                          ;
+----------------+-------+---------------------------------------------------------+
Note: In order to hide this table in the UI and the text report file, please set the "Show Parameter Settings in Synthesis Report" option in "Analysis and Synthesis Settings -> More Settings" to "Off".


+----------------------------------------------------------------------------------------------------+
; Parameter Settings for User Entity Instance: processor:ALLPASS|mult:m1|lpm_mult:lpm_mult_component ;
+------------------------------------------------+-----------+---------------------------------------+
; Parameter Name                                 ; Value     ; Type                                  ;
+------------------------------------------------+-----------+---------------------------------------+
; AUTO_CARRY_CHAINS                              ; ON        ; AUTO_CARRY                            ;
; IGNORE_CARRY_BUFFERS                           ; OFF       ; IGNORE_CARRY                          ;
; AUTO_CASCADE_CHAINS                            ; ON        ; AUTO_CASCADE                          ;
; IGNORE_CASCADE_BUFFERS                         ; OFF       ; IGNORE_CASCADE                        ;
; LPM_WIDTHA                                     ; 9         ; Signed Integer                        ;
; LPM_WIDTHB                                     ; 11        ; Signed Integer                        ;
; LPM_WIDTHP                                     ; 20        ; Signed Integer                        ;
; LPM_WIDTHR                                     ; 0         ; Untyped                               ;
; LPM_WIDTHS                                     ; 1         ; Untyped                               ;
; LPM_REPRESENTATION                             ; UNSIGNED  ; Untyped                               ;
; LPM_PIPELINE                                   ; 0         ; Untyped                               ;
; LATENCY                                        ; 0         ; Untyped                               ;
; INPUT_A_IS_CONSTANT                            ; NO        ; Untyped                               ;
; INPUT_B_IS_CONSTANT                            ; YES       ; Untyped                               ;
; USE_EAB                                        ; OFF       ; Untyped                               ;
; MAXIMIZE_SPEED                                 ; 5         ; Untyped                               ;
; DEVICE_FAMILY                                  ; Cyclone V ; Untyped                               ;
; CARRY_CHAIN                                    ; MANUAL    ; Untyped                               ;
; APEX20K_TECHNOLOGY_MAPPER                      ; LUT       ; TECH_MAPPER_APEX20K                   ;
; DEDICATED_MULTIPLIER_CIRCUITRY                 ; AUTO      ; Untyped                               ;
; DEDICATED_MULTIPLIER_MIN_INPUT_WIDTH_FOR_AUTO  ; 0         ; Untyped                               ;
; DEDICATED_MULTIPLIER_MIN_OUTPUT_WIDTH_FOR_AUTO ; 0         ; Untyped                               ;
; CBXI_PARAMETER                                 ; NOTHING   ; Untyped                               ;
; INPUT_A_FIXED_VALUE                            ; Bx        ; Untyped                               ;
; INPUT_B_FIXED_VALUE                            ; Bx        ; Untyped                               ;
; USE_AHDL_IMPLEMENTATION                        ; OFF       ; Untyped                               ;
+------------------------------------------------+-----------+---------------------------------------+
Note: In order to hide this table in the UI and the text report file, please set the "Show Parameter Settings in Synthesis Report" option in "Analysis and Synthesis Settings -> More Settings" to "Off".


+----------------------------------------------------------------------------------+
; Parameter Settings for User Entity Instance: processor:ALLPASS|pulse_gen:comb_10 ;
+----------------+-------+---------------------------------------------------------+
; Parameter Name ; Value ; Type                                                    ;
+----------------+-------+---------------------------------------------------------+
; IDLE           ; 00    ; Unsigned Binary                                         ;
; IN_HIGH        ; 01    ; Unsigned Binary                                         ;
; WAIT_LOW       ; 10    ; Unsigned Binary                                         ;
+----------------+-------+---------------------------------------------------------+
Note: In order to hide this table in the UI and the text report file, please set the "Show Parameter Settings in Synthesis Report" option in "Analysis and Synthesis Settings -> More Settings" to "Off".


+------------------------------------------------------------------------------------------------------------+
; Parameter Settings for User Entity Instance: processor:ALLPASS|RAM:comb_11|altsyncram:altsyncram_component ;
+------------------------------------+----------------------+------------------------------------------------+
; Parameter Name                     ; Value                ; Type                                           ;
+------------------------------------+----------------------+------------------------------------------------+
; BYTE_SIZE_BLOCK                    ; 8                    ; Untyped                                        ;
; AUTO_CARRY_CHAINS                  ; ON                   ; AUTO_CARRY                                     ;
; IGNORE_CARRY_BUFFERS               ; OFF                  ; IGNORE_CARRY                                   ;
; AUTO_CASCADE_CHAINS                ; ON                   ; AUTO_CASCADE                                   ;
; IGNORE_CASCADE_BUFFERS             ; OFF                  ; IGNORE_CASCADE                                 ;
; WIDTH_BYTEENA                      ; 1                    ; Untyped                                        ;
; OPERATION_MODE                     ; DUAL_PORT            ; Untyped                                        ;
; WIDTH_A                            ; 9                    ; Signed Integer                                 ;
; WIDTHAD_A                          ; 13                   ; Signed Integer                                 ;
; NUMWORDS_A                         ; 8192                 ; Signed Integer                                 ;
; OUTDATA_REG_A                      ; UNREGISTERED         ; Untyped                                        ;
; ADDRESS_ACLR_A                     ; NONE                 ; Untyped                                        ;
; OUTDATA_ACLR_A                     ; NONE                 ; Untyped                                        ;
; WRCONTROL_ACLR_A                   ; NONE                 ; Untyped                                        ;
; INDATA_ACLR_A                      ; NONE                 ; Untyped                                        ;
; BYTEENA_ACLR_A                     ; NONE                 ; Untyped                                        ;
; WIDTH_B                            ; 9                    ; Signed Integer                                 ;
; WIDTHAD_B                          ; 13                   ; Signed Integer                                 ;
; NUMWORDS_B                         ; 8192                 ; Signed Integer                                 ;
; INDATA_REG_B                       ; CLOCK1               ; Untyped                                        ;
; WRCONTROL_WRADDRESS_REG_B          ; CLOCK1               ; Untyped                                        ;
; RDCONTROL_REG_B                    ; CLOCK0               ; Untyped                                        ;
; ADDRESS_REG_B                      ; CLOCK0               ; Untyped                                        ;
; OUTDATA_REG_B                      ; CLOCK0               ; Untyped                                        ;
; BYTEENA_REG_B                      ; CLOCK1               ; Untyped                                        ;
; INDATA_ACLR_B                      ; NONE                 ; Untyped                                        ;
; WRCONTROL_ACLR_B                   ; NONE                 ; Untyped                                        ;
; ADDRESS_ACLR_B                     ; NONE                 ; Untyped                                        ;
; OUTDATA_ACLR_B                     ; NONE                 ; Untyped                                        ;
; RDCONTROL_ACLR_B                   ; NONE                 ; Untyped                                        ;
; BYTEENA_ACLR_B                     ; NONE                 ; Untyped                                        ;
; WIDTH_BYTEENA_A                    ; 1                    ; Signed Integer                                 ;
; WIDTH_BYTEENA_B                    ; 1                    ; Untyped                                        ;
; RAM_BLOCK_TYPE                     ; AUTO                 ; Untyped                                        ;
; BYTE_SIZE                          ; 8                    ; Untyped                                        ;
; READ_DURING_WRITE_MODE_MIXED_PORTS ; DONT_CARE            ; Untyped                                        ;
; READ_DURING_WRITE_MODE_PORT_A      ; NEW_DATA_NO_NBE_READ ; Untyped                                        ;
; READ_DURING_WRITE_MODE_PORT_B      ; NEW_DATA_NO_NBE_READ ; Untyped                                        ;
; INIT_FILE                          ; UNUSED               ; Untyped                                        ;
; INIT_FILE_LAYOUT                   ; PORT_A               ; Untyped                                        ;
; MAXIMUM_DEPTH                      ; 0                    ; Untyped                                        ;
; CLOCK_ENABLE_INPUT_A               ; BYPASS               ; Untyped                                        ;
; CLOCK_ENABLE_INPUT_B               ; BYPASS               ; Untyped                                        ;
; CLOCK_ENABLE_OUTPUT_A              ; NORMAL               ; Untyped                                        ;
; CLOCK_ENABLE_OUTPUT_B              ; BYPASS               ; Untyped                                        ;
; CLOCK_ENABLE_CORE_A                ; USE_INPUT_CLKEN      ; Untyped                                        ;
; CLOCK_ENABLE_CORE_B                ; USE_INPUT_CLKEN      ; Untyped                                        ;
; ENABLE_ECC                         ; FALSE                ; Untyped                                        ;
; ECC_PIPELINE_STAGE_ENABLED         ; FALSE                ; Untyped                                        ;
; WIDTH_ECCSTATUS                    ; 3                    ; Untyped                                        ;
; DEVICE_FAMILY                      ; Cyclone V            ; Untyped                                        ;
; CBXI_PARAMETER                     ; altsyncram_ip02      ; Untyped                                        ;
+------------------------------------+----------------------+------------------------------------------------+
Note: In order to hide this table in the UI and the text report file, please set the "Show Parameter Settings in Synthesis Report" option in "Analysis and Synthesis Settings -> More Settings" to "Off".


+-----------------------------------------------------------------------------------------------+
; lpm_mult Parameter Settings by Entity Instance                                                ;
+---------------------------------------+-------------------------------------------------------+
; Name                                  ; Value                                                 ;
+---------------------------------------+-------------------------------------------------------+
; Number of entity instances            ; 1                                                     ;
; Entity Instance                       ; processor:ALLPASS|mult:m1|lpm_mult:lpm_mult_component ;
;     -- LPM_WIDTHA                     ; 9                                                     ;
;     -- LPM_WIDTHB                     ; 11                                                    ;
;     -- LPM_WIDTHP                     ; 20                                                    ;
;     -- LPM_REPRESENTATION             ; UNSIGNED                                              ;
;     -- INPUT_A_IS_CONSTANT            ; NO                                                    ;
;     -- INPUT_B_IS_CONSTANT            ; YES                                                   ;
;     -- USE_EAB                        ; OFF                                                   ;
;     -- DEDICATED_MULTIPLIER_CIRCUITRY ; AUTO                                                  ;
;     -- INPUT_A_FIXED_VALUE            ; Bx                                                    ;
;     -- INPUT_B_FIXED_VALUE            ; Bx                                                    ;
+---------------------------------------+-------------------------------------------------------+


+-----------------------------------------------------------------------------------------------------------+
; altsyncram Parameter Settings by Entity Instance                                                          ;
+-------------------------------------------+---------------------------------------------------------------+
; Name                                      ; Value                                                         ;
+-------------------------------------------+---------------------------------------------------------------+
; Number of entity instances                ; 1                                                             ;
; Entity Instance                           ; processor:ALLPASS|RAM:comb_11|altsyncram:altsyncram_component ;
;     -- OPERATION_MODE                     ; DUAL_PORT                                                     ;
;     -- WIDTH_A                            ; 9                                                             ;
;     -- NUMWORDS_A                         ; 8192                                                          ;
;     -- OUTDATA_REG_A                      ; UNREGISTERED                                                  ;
;     -- WIDTH_B                            ; 9                                                             ;
;     -- NUMWORDS_B                         ; 8192                                                          ;
;     -- ADDRESS_REG_B                      ; CLOCK0                                                        ;
;     -- OUTDATA_REG_B                      ; CLOCK0                                                        ;
;     -- RAM_BLOCK_TYPE                     ; AUTO                                                          ;
;     -- READ_DURING_WRITE_MODE_MIXED_PORTS ; DONT_CARE                                                     ;
+-------------------------------------------+---------------------------------------------------------------+


+----------------------------------------------------------------------------------------------------------------+
; Port Connectivity Checks: "processor:ALLPASS|bin2bcd_16:comb_5|add3_ge5:A31"                                   ;
+------+--------+----------+-------------------------------------------------------------------------------------+
; Port ; Type   ; Severity ; Details                                                                             ;
+------+--------+----------+-------------------------------------------------------------------------------------+
; w[3] ; Input  ; Info     ; Stuck at GND                                                                        ;
; a[3] ; Output ; Info     ; Connected to dangling logic. Logic that only feeds a dangling port will be removed. ;
+------+--------+----------+-------------------------------------------------------------------------------------+


+------------------------------------------------------------------------------+
; Port Connectivity Checks: "processor:ALLPASS|bin2bcd_16:comb_5|add3_ge5:A19" ;
+------+-------+----------+----------------------------------------------------+
; Port ; Type  ; Severity ; Details                                            ;
+------+-------+----------+----------------------------------------------------+
; w[3] ; Input ; Info     ; Stuck at GND                                       ;
+------+-------+----------+----------------------------------------------------+


+------------------------------------------------------------------------------+
; Port Connectivity Checks: "processor:ALLPASS|bin2bcd_16:comb_5|add3_ge5:A10" ;
+------+-------+----------+----------------------------------------------------+
; Port ; Type  ; Severity ; Details                                            ;
+------+-------+----------+----------------------------------------------------+
; w[3] ; Input ; Info     ; Stuck at GND                                       ;
+------+-------+----------+----------------------------------------------------+


+-----------------------------------------------------------------------------+
; Port Connectivity Checks: "processor:ALLPASS|bin2bcd_16:comb_5|add3_ge5:A4" ;
+------+-------+----------+---------------------------------------------------+
; Port ; Type  ; Severity ; Details                                           ;
+------+-------+----------+---------------------------------------------------+
; w[3] ; Input ; Info     ; Stuck at GND                                      ;
+------+-------+----------+---------------------------------------------------+


+-----------------------------------------------------------------------------+
; Port Connectivity Checks: "processor:ALLPASS|bin2bcd_16:comb_5|add3_ge5:A1" ;
+------+-------+----------+---------------------------------------------------+
; Port ; Type  ; Severity ; Details                                           ;
+------+-------+----------+---------------------------------------------------+
; w[3] ; Input ; Info     ; Stuck at GND                                      ;
+------+-------+----------+---------------------------------------------------+


+---------------------------------------------------------------------------------------------------------------------------------------------------------------------------+
; Port Connectivity Checks: "processor:ALLPASS|bin2bcd_16:comb_5"                                                                                                           ;
+-------+--------+----------+-----------------------------------------------------------------------------------------------------------------------------------------------+
; Port  ; Type   ; Severity ; Details                                                                                                                                       ;
+-------+--------+----------+-----------------------------------------------------------------------------------------------------------------------------------------------+
; B     ; Input  ; Warning  ; Input port expression (10 bits) is smaller than the input port (16 bits) it drives.  Extra input bit(s) "B[15..10]" will be connected to GND. ;
; BCD_4 ; Output ; Warning  ; Declared by entity but not connected by instance. Logic that only feeds a dangling port will be removed.                                      ;
+-------+--------+----------+-----------------------------------------------------------------------------------------------------------------------------------------------+


+------------------------------------------------------------------------------------------------------------------------+
; Port Connectivity Checks: "processor:ALLPASS|mult:m1"                                                                  ;
+--------------+--------+----------+-------------------------------------------------------------------------------------+
; Port         ; Type   ; Severity ; Details                                                                             ;
+--------------+--------+----------+-------------------------------------------------------------------------------------+
; result[9..0] ; Output ; Info     ; Connected to dangling logic. Logic that only feeds a dangling port will be removed. ;
+--------------+--------+----------+-------------------------------------------------------------------------------------+


+-----------------------------------------------------------------+
; Port Connectivity Checks: "processor:ALLPASS|counter_13:comb_4" ;
+--------+-------+----------+-------------------------------------+
; Port   ; Type  ; Severity ; Details                             ;
+--------+-------+----------+-------------------------------------+
; enable ; Input ; Info     ; Stuck at VCC                        ;
; reset  ; Input ; Info     ; Stuck at GND                        ;
+--------+-------+----------+-------------------------------------+


+---------------------------------------------+
; Port Connectivity Checks: "spi2adc:SPI_ADC" ;
+---------+-------+----------+----------------+
; Port    ; Type  ; Severity ; Details        ;
+---------+-------+----------+----------------+
; channel ; Input ; Info     ; Stuck at VCC   ;
+---------+-------+----------+----------------+


+------------------------------------------------+
; Port Connectivity Checks: "clktick_16:GEN_10K" ;
+-----------+-------+----------+-----------------+
; Port      ; Type  ; Severity ; Details         ;
+-----------+-------+----------+-----------------+
; enable    ; Input ; Info     ; Stuck at VCC    ;
; N[9..7]   ; Input ; Info     ; Stuck at VCC    ;
; N[2..0]   ; Input ; Info     ; Stuck at VCC    ;
; N[15..13] ; Input ; Info     ; Stuck at GND    ;
; N[11..10] ; Input ; Info     ; Stuck at GND    ;
; N[6..3]   ; Input ; Info     ; Stuck at GND    ;
; N[12]     ; Input ; Info     ; Stuck at VCC    ;
+-----------+-------+----------+-----------------+


+-----------------------------------------------------+
; Post-Synthesis Netlist Statistics for Top Partition ;
+-----------------------+-----------------------------+
; Type                  ; Count                       ;
+-----------------------+-----------------------------+
; arriav_ff             ; 128                         ;
;     ENA               ; 32                          ;
;     SCLR              ; 9                           ;
;     SLD               ; 9                           ;
;     plain             ; 78                          ;
; arriav_lcell_comb     ; 227                         ;
;     arith             ; 85                          ;
;         0 data inputs ; 2                           ;
;         1 data inputs ; 42                          ;
;         2 data inputs ; 27                          ;
;         3 data inputs ; 1                           ;
;         4 data inputs ; 5                           ;
;         5 data inputs ; 8                           ;
;     normal            ; 142                         ;
;         0 data inputs ; 2                           ;
;         1 data inputs ; 18                          ;
;         2 data inputs ; 12                          ;
;         3 data inputs ; 10                          ;
;         4 data inputs ; 69                          ;
;         5 data inputs ; 17                          ;
;         6 data inputs ; 14                          ;
; boundary_port         ; 47                          ;
; stratixv_ram_block    ; 9                           ;
;                       ;                             ;
; Max LUT depth         ; 13.30                       ;
; Average LUT depth     ; 4.90                        ;
+-----------------------+-----------------------------+


+-------------------------------+
; Elapsed Time Per Partition    ;
+----------------+--------------+
; Partition Name ; Elapsed Time ;
+----------------+--------------+
; Top            ; 00:00:01     ;
+----------------+--------------+


+-------------------------------+
; Analysis & Synthesis Messages ;
+-------------------------------+
Info: *******************************************************************
Info: Running Quartus Prime Analysis & Synthesis
    Info: Version 17.1.0 Build 590 10/25/2017 SJ Lite Edition
    Info: Processing started: Mon Dec 11 00:16:32 2017
Info: Command: quartus_map --read_settings_files=on --write_settings_files=off ex19 -c ex19
Warning (18236): Number of processors has not been specified which may cause overloading on shared machines.  Set the global assignment NUM_PARALLEL_PROCESSORS in your QSF to an appropriate value for best performance.
Info (20030): Parallel compilation is enabled and will use 2 of the 2 processors detected
Info (12021): Found 1 design units, including 1 entities, in source file /users/fvice/downloads/veri/veri/part_4/ex16/ex16_proto/ex16_proto/clktick_16.v
    Info (12023): Found entity 1: clktick_16 File: C:/Users/fvice/Downloads/VERI/VERI/part_4/ex16/ex16_proto/ex16_proto/clktick_16.v Line: 6
Info (12021): Found 1 design units, including 1 entities, in source file /users/fvice/downloads/veri/veri/part_4/ex16/ex16_proto/ex16_proto/bin2bcd_16.v
    Info (12023): Found entity 1: bin2bcd_16 File: C:/Users/fvice/Downloads/VERI/VERI/part_4/ex16/ex16_proto/ex16_proto/bin2bcd_16.v Line: 12
Info (12021): Found 1 design units, including 1 entities, in source file /users/fvice/downloads/veri/veri/part_4/ex16/ex16_proto/ex16_proto/add3_ge5.v
    Info (12023): Found entity 1: add3_ge5 File: C:/Users/fvice/Downloads/VERI/VERI/part_4/ex16/ex16_proto/ex16_proto/add3_ge5.v Line: 2
Info (12021): Found 1 design units, including 1 entities, in source file /users/fvice/downloads/veri/veri/part_4/ex16/ex16_proto/ex16_proto/spi2dac.v
    Info (12023): Found entity 1: spi2dac File: C:/Users/fvice/Downloads/VERI/VERI/part_4/ex16/ex16_proto/ex16_proto/spi2dac.v Line: 9
Info (12021): Found 1 design units, including 1 entities, in source file /users/fvice/downloads/veri/veri/part_4/ex16/ex16_proto/ex16_proto/spi2adc.v
    Info (12023): Found entity 1: spi2adc File: C:/Users/fvice/Downloads/VERI/VERI/part_4/ex16/ex16_proto/ex16_proto/spi2adc.v Line: 9
Info (12021): Found 1 design units, including 1 entities, in source file /users/fvice/downloads/veri/veri/part_4/ex16/ex16_proto/ex16_proto/pwm.v
    Info (12023): Found entity 1: pwm File: C:/Users/fvice/Downloads/VERI/VERI/part_4/ex16/ex16_proto/ex16_proto/pwm.v Line: 1
Info (12021): Found 1 design units, including 1 entities, in source file /users/fvice/downloads/veri/veri/part_4/ex16/ex16_proto/ex16_proto/pulse_gen.v
    Info (12023): Found entity 1: pulse_gen File: C:/Users/fvice/Downloads/VERI/VERI/part_4/ex16/ex16_proto/ex16_proto/pulse_gen.v Line: 9
Info (12021): Found 1 design units, including 1 entities, in source file /users/fvice/downloads/veri/veri/part_4/ex16/ex16_proto/ex16_proto/hex_to_7seg.v
    Info (12023): Found entity 1: hex_to_7seg File: C:/Users/fvice/Downloads/VERI/VERI/part_4/ex16/ex16_proto/ex16_proto/hex_to_7seg.v Line: 10
Info (12021): Found 1 design units, including 1 entities, in source file processor.v
    Info (12023): Found entity 1: processor File: C:/Users/fvice/Downloads/VERI/VERI/part_4/ex19/processor.v Line: 1
Info (12021): Found 1 design units, including 1 entities, in source file ex19_top.v
    Info (12023): Found entity 1: ex19_top File: C:/Users/fvice/Downloads/VERI/VERI/part_4/ex19/ex19_top.v Line: 3
Info (12021): Found 1 design units, including 1 entities, in source file counter_13.v
    Info (12023): Found entity 1: counter_13 File: C:/Users/fvice/Downloads/VERI/VERI/part_4/ex19/counter_13.v Line: 5
Info (12021): Found 1 design units, including 1 entities, in source file /users/fvice/downloads/veri/veri/part_3/ex10/div_by_5000.v
    Info (12023): Found entity 1: div_5000 File: C:/Users/fvice/Downloads/VERI/VERI/part_3/ex10/div_by_5000.v Line: 2
Info (12021): Found 1 design units, including 1 entities, in source file ram.v
    Info (12023): Found entity 1: RAM File: C:/Users/fvice/Downloads/VERI/VERI/part_4/ex19/RAM.v Line: 39
Info (12021): Found 1 design units, including 1 entities, in source file mult.v
    Info (12023): Found entity 1: mult File: C:/Users/fvice/Downloads/VERI/VERI/part_4/ex19/mult.v Line: 39
Critical Warning (10846): Verilog HDL Instantiation warning at processor.v(22): instance has no name File: C:/Users/fvice/Downloads/VERI/VERI/part_4/ex19/processor.v Line: 22
Critical Warning (10846): Verilog HDL Instantiation warning at processor.v(25): instance has no name File: C:/Users/fvice/Downloads/VERI/VERI/part_4/ex19/processor.v Line: 25
Critical Warning (10846): Verilog HDL Instantiation warning at processor.v(26): instance has no name File: C:/Users/fvice/Downloads/VERI/VERI/part_4/ex19/processor.v Line: 26
Critical Warning (10846): Verilog HDL Instantiation warning at processor.v(27): instance has no name File: C:/Users/fvice/Downloads/VERI/VERI/part_4/ex19/processor.v Line: 27
Critical Warning (10846): Verilog HDL Instantiation warning at processor.v(28): instance has no name File: C:/Users/fvice/Downloads/VERI/VERI/part_4/ex19/processor.v Line: 28
Critical Warning (10846): Verilog HDL Instantiation warning at processor.v(29): instance has no name File: C:/Users/fvice/Downloads/VERI/VERI/part_4/ex19/processor.v Line: 29
Critical Warning (10846): Verilog HDL Instantiation warning at processor.v(31): instance has no name File: C:/Users/fvice/Downloads/VERI/VERI/part_4/ex19/processor.v Line: 31
Critical Warning (10846): Verilog HDL Instantiation warning at processor.v(32): instance has no name File: C:/Users/fvice/Downloads/VERI/VERI/part_4/ex19/processor.v Line: 32
Info (12127): Elaborating entity "ex19_top" for the top level hierarchy
Info (12128): Elaborating entity "clktick_16" for hierarchy "clktick_16:GEN_10K" File: C:/Users/fvice/Downloads/VERI/VERI/part_4/ex19/ex19_top.v Line: 26
Info (12128): Elaborating entity "spi2dac" for hierarchy "spi2dac:SPI_DAC" File: C:/Users/fvice/Downloads/VERI/VERI/part_4/ex19/ex19_top.v Line: 28
Info (12128): Elaborating entity "pwm" for hierarchy "pwm:PWM_DC" File: C:/Users/fvice/Downloads/VERI/VERI/part_4/ex19/ex19_top.v Line: 29
Info (12128): Elaborating entity "spi2adc" for hierarchy "spi2adc:SPI_ADC" File: C:/Users/fvice/Downloads/VERI/VERI/part_4/ex19/ex19_top.v Line: 40
Info (12128): Elaborating entity "processor" for hierarchy "processor:ALLPASS" File: C:/Users/fvice/Downloads/VERI/VERI/part_4/ex19/ex19_top.v Line: 42
Warning (10858): Verilog HDL warning at processor.v(12): object full used but never assigned File: C:/Users/fvice/Downloads/VERI/VERI/part_4/ex19/processor.v Line: 12
Warning (10036): Verilog HDL or VHDL warning at processor.v(13): object "fullreg" assigned a value but never read File: C:/Users/fvice/Downloads/VERI/VERI/part_4/ex19/processor.v Line: 13
Info (12128): Elaborating entity "counter_13" for hierarchy "processor:ALLPASS|counter_13:comb_4" File: C:/Users/fvice/Downloads/VERI/VERI/part_4/ex19/processor.v Line: 22
Info (12128): Elaborating entity "mult" for hierarchy "processor:ALLPASS|mult:m1" File: C:/Users/fvice/Downloads/VERI/VERI/part_4/ex19/processor.v Line: 24
Info (12128): Elaborating entity "lpm_mult" for hierarchy "processor:ALLPASS|mult:m1|lpm_mult:lpm_mult_component" File: C:/Users/fvice/Downloads/VERI/VERI/part_4/ex19/mult.v Line: 58
Info (12130): Elaborated megafunction instantiation "processor:ALLPASS|mult:m1|lpm_mult:lpm_mult_component" File: C:/Users/fvice/Downloads/VERI/VERI/part_4/ex19/mult.v Line: 58
Info (12133): Instantiated megafunction "processor:ALLPASS|mult:m1|lpm_mult:lpm_mult_component" with the following parameter: File: C:/Users/fvice/Downloads/VERI/VERI/part_4/ex19/mult.v Line: 58
    Info (12134): Parameter "lpm_hint" = "INPUT_B_IS_CONSTANT=YES,MAXIMIZE_SPEED=5"
    Info (12134): Parameter "lpm_representation" = "UNSIGNED"
    Info (12134): Parameter "lpm_type" = "LPM_MULT"
    Info (12134): Parameter "lpm_widtha" = "9"
    Info (12134): Parameter "lpm_widthb" = "11"
    Info (12134): Parameter "lpm_widthp" = "20"
Info (12128): Elaborating entity "multcore" for hierarchy "processor:ALLPASS|mult:m1|lpm_mult:lpm_mult_component|multcore:mult_core" File: c:/intelfpga_lite/17.1/quartus/libraries/megafunctions/lpm_mult.tdf Line: 308
Info (12131): Elaborated megafunction instantiation "processor:ALLPASS|mult:m1|lpm_mult:lpm_mult_component|multcore:mult_core", which is child of megafunction instantiation "processor:ALLPASS|mult:m1|lpm_mult:lpm_mult_component" File: c:/intelfpga_lite/17.1/quartus/libraries/megafunctions/lpm_mult.tdf Line: 308
Info (12128): Elaborating entity "mpar_add" for hierarchy "processor:ALLPASS|mult:m1|lpm_mult:lpm_mult_component|multcore:mult_core|mpar_add:padder" File: c:/intelfpga_lite/17.1/quartus/libraries/megafunctions/multcore.tdf Line: 228
Info (12131): Elaborated megafunction instantiation "processor:ALLPASS|mult:m1|lpm_mult:lpm_mult_component|multcore:mult_core|mpar_add:padder", which is child of megafunction instantiation "processor:ALLPASS|mult:m1|lpm_mult:lpm_mult_component" File: c:/intelfpga_lite/17.1/quartus/libraries/megafunctions/multcore.tdf Line: 228
Info (12128): Elaborating entity "lpm_add_sub" for hierarchy "processor:ALLPASS|mult:m1|lpm_mult:lpm_mult_component|multcore:mult_core|mpar_add:padder|lpm_add_sub:adder[0]" File: c:/intelfpga_lite/17.1/quartus/libraries/megafunctions/mpar_add.tdf Line: 78
Info (12131): Elaborated megafunction instantiation "processor:ALLPASS|mult:m1|lpm_mult:lpm_mult_component|multcore:mult_core|mpar_add:padder|lpm_add_sub:adder[0]", which is child of megafunction instantiation "processor:ALLPASS|mult:m1|lpm_mult:lpm_mult_component" File: c:/intelfpga_lite/17.1/quartus/libraries/megafunctions/mpar_add.tdf Line: 78
Info (12021): Found 1 design units, including 1 entities, in source file db/add_sub_a9h.tdf
    Info (12023): Found entity 1: add_sub_a9h File: C:/Users/fvice/Downloads/VERI/VERI/part_4/ex19/db/add_sub_a9h.tdf Line: 22
Info (12128): Elaborating entity "add_sub_a9h" for hierarchy "processor:ALLPASS|mult:m1|lpm_mult:lpm_mult_component|multcore:mult_core|mpar_add:padder|lpm_add_sub:adder[0]|add_sub_a9h:auto_generated" File: c:/intelfpga_lite/17.1/quartus/libraries/megafunctions/lpm_add_sub.tdf Line: 118
Info (12128): Elaborating entity "mpar_add" for hierarchy "processor:ALLPASS|mult:m1|lpm_mult:lpm_mult_component|multcore:mult_core|mpar_add:padder|mpar_add:sub_par_add" File: c:/intelfpga_lite/17.1/quartus/libraries/megafunctions/mpar_add.tdf Line: 138
Info (12131): Elaborated megafunction instantiation "processor:ALLPASS|mult:m1|lpm_mult:lpm_mult_component|multcore:mult_core|mpar_add:padder|mpar_add:sub_par_add", which is child of megafunction instantiation "processor:ALLPASS|mult:m1|lpm_mult:lpm_mult_component" File: c:/intelfpga_lite/17.1/quartus/libraries/megafunctions/mpar_add.tdf Line: 138
Info (12128): Elaborating entity "lpm_add_sub" for hierarchy "processor:ALLPASS|mult:m1|lpm_mult:lpm_mult_component|multcore:mult_core|mpar_add:padder|mpar_add:sub_par_add|lpm_add_sub:adder[0]" File: c:/intelfpga_lite/17.1/quartus/libraries/megafunctions/mpar_add.tdf Line: 78
Info (12131): Elaborated megafunction instantiation "processor:ALLPASS|mult:m1|lpm_mult:lpm_mult_component|multcore:mult_core|mpar_add:padder|mpar_add:sub_par_add|lpm_add_sub:adder[0]", which is child of megafunction instantiation "processor:ALLPASS|mult:m1|lpm_mult:lpm_mult_component" File: c:/intelfpga_lite/17.1/quartus/libraries/megafunctions/mpar_add.tdf Line: 78
Info (12021): Found 1 design units, including 1 entities, in source file db/add_sub_e9h.tdf
    Info (12023): Found entity 1: add_sub_e9h File: C:/Users/fvice/Downloads/VERI/VERI/part_4/ex19/db/add_sub_e9h.tdf Line: 22
Info (12128): Elaborating entity "add_sub_e9h" for hierarchy "processor:ALLPASS|mult:m1|lpm_mult:lpm_mult_component|multcore:mult_core|mpar_add:padder|mpar_add:sub_par_add|lpm_add_sub:adder[0]|add_sub_e9h:auto_generated" File: c:/intelfpga_lite/17.1/quartus/libraries/megafunctions/lpm_add_sub.tdf Line: 118
Info (12128): Elaborating entity "altshift" for hierarchy "processor:ALLPASS|mult:m1|lpm_mult:lpm_mult_component|altshift:external_latency_ffs" File: c:/intelfpga_lite/17.1/quartus/libraries/megafunctions/lpm_mult.tdf Line: 351
Info (12131): Elaborated megafunction instantiation "processor:ALLPASS|mult:m1|lpm_mult:lpm_mult_component|altshift:external_latency_ffs", which is child of megafunction instantiation "processor:ALLPASS|mult:m1|lpm_mult:lpm_mult_component" File: c:/intelfpga_lite/17.1/quartus/libraries/megafunctions/lpm_mult.tdf Line: 351
Info (12128): Elaborating entity "bin2bcd_16" for hierarchy "processor:ALLPASS|bin2bcd_16:comb_5" File: C:/Users/fvice/Downloads/VERI/VERI/part_4/ex19/processor.v Line: 25
Info (12128): Elaborating entity "add3_ge5" for hierarchy "processor:ALLPASS|bin2bcd_16:comb_5|add3_ge5:A1" File: C:/Users/fvice/Downloads/VERI/VERI/part_4/ex16/ex16_proto/ex16_proto/bin2bcd_16.v Line: 26
Info (12128): Elaborating entity "hex_to_7seg" for hierarchy "processor:ALLPASS|hex_to_7seg:comb_6" File: C:/Users/fvice/Downloads/VERI/VERI/part_4/ex19/processor.v Line: 26
Info (12128): Elaborating entity "pulse_gen" for hierarchy "processor:ALLPASS|pulse_gen:comb_10" File: C:/Users/fvice/Downloads/VERI/VERI/part_4/ex19/processor.v Line: 31
Info (12128): Elaborating entity "RAM" for hierarchy "processor:ALLPASS|RAM:comb_11" File: C:/Users/fvice/Downloads/VERI/VERI/part_4/ex19/processor.v Line: 32
Info (12128): Elaborating entity "altsyncram" for hierarchy "processor:ALLPASS|RAM:comb_11|altsyncram:altsyncram_component" File: C:/Users/fvice/Downloads/VERI/VERI/part_4/ex19/RAM.v Line: 91
Info (12130): Elaborated megafunction instantiation "processor:ALLPASS|RAM:comb_11|altsyncram:altsyncram_component" File: C:/Users/fvice/Downloads/VERI/VERI/part_4/ex19/RAM.v Line: 91
Info (12133): Instantiated megafunction "processor:ALLPASS|RAM:comb_11|altsyncram:altsyncram_component" with the following parameter: File: C:/Users/fvice/Downloads/VERI/VERI/part_4/ex19/RAM.v Line: 91
    Info (12134): Parameter "address_aclr_b" = "NONE"
    Info (12134): Parameter "address_reg_b" = "CLOCK0"
    Info (12134): Parameter "clock_enable_input_a" = "BYPASS"
    Info (12134): Parameter "clock_enable_input_b" = "BYPASS"
    Info (12134): Parameter "clock_enable_output_b" = "BYPASS"
    Info (12134): Parameter "intended_device_family" = "Cyclone V"
    Info (12134): Parameter "lpm_type" = "altsyncram"
    Info (12134): Parameter "numwords_a" = "8192"
    Info (12134): Parameter "numwords_b" = "8192"
    Info (12134): Parameter "operation_mode" = "DUAL_PORT"
    Info (12134): Parameter "outdata_aclr_b" = "NONE"
    Info (12134): Parameter "outdata_reg_b" = "CLOCK0"
    Info (12134): Parameter "power_up_uninitialized" = "FALSE"
    Info (12134): Parameter "rdcontrol_reg_b" = "CLOCK0"
    Info (12134): Parameter "read_during_write_mode_mixed_ports" = "DONT_CARE"
    Info (12134): Parameter "widthad_a" = "13"
    Info (12134): Parameter "widthad_b" = "13"
    Info (12134): Parameter "width_a" = "9"
    Info (12134): Parameter "width_b" = "9"
    Info (12134): Parameter "width_byteena_a" = "1"
Info (12021): Found 1 design units, including 1 entities, in source file db/altsyncram_ip02.tdf
    Info (12023): Found entity 1: altsyncram_ip02 File: C:/Users/fvice/Downloads/VERI/VERI/part_4/ex19/db/altsyncram_ip02.tdf Line: 27
Info (12128): Elaborating entity "altsyncram_ip02" for hierarchy "processor:ALLPASS|RAM:comb_11|altsyncram:altsyncram_component|altsyncram_ip02:auto_generated" File: c:/intelfpga_lite/17.1/quartus/libraries/megafunctions/altsyncram.tdf Line: 791
Warning (12241): 1 hierarchies have connectivity warnings - see the Connectivity Checks report folder
Warning (13024): Output pins are stuck at VCC or GND
    Warning (13410): Pin "HEX3[1]" is stuck at GND File: C:/Users/fvice/Downloads/VERI/VERI/part_4/ex19/ex19_top.v Line: 9
    Warning (13410): Pin "HEX3[2]" is stuck at GND File: C:/Users/fvice/Downloads/VERI/VERI/part_4/ex19/ex19_top.v Line: 9
    Warning (13410): Pin "HEX3[6]" is stuck at VCC File: C:/Users/fvice/Downloads/VERI/VERI/part_4/ex19/ex19_top.v Line: 9
Info (286030): Timing-Driven Synthesis is running
Info (17049): 2 registers lost all their fanouts during netlist optimizations.
Info (144001): Generated suppressed messages file C:/Users/fvice/Downloads/VERI/VERI/part_4/ex19/output_files/ex19.map.smsg
Info (16010): Generating hard_block partition "hard_block:auto_generated_inst"
    Info (16011): Adding 0 node(s), including 0 DDIO, 0 PLL, 0 transceiver and 0 LCELL
Info (21057): Implemented 317 device resources after synthesis - the final resource count might be different
    Info (21058): Implemented 11 input pins
    Info (21059): Implemented 36 output pins
    Info (21061): Implemented 261 logic cells
    Info (21064): Implemented 9 RAM segments
Info: Quartus Prime Analysis & Synthesis was successful. 0 errors, 16 warnings
    Info: Peak virtual memory: 713 megabytes
    Info: Processing ended: Mon Dec 11 00:16:49 2017
    Info: Elapsed time: 00:00:17
    Info: Total CPU time (on all processors): 00:00:32


+------------------------------------------+
; Analysis & Synthesis Suppressed Messages ;
+------------------------------------------+
The suppressed messages can be found in C:/Users/fvice/Downloads/VERI/VERI/part_4/ex19/output_files/ex19.map.smsg.


