Analysis & Synthesis report for ex8_top
Sat Dec 09 19:06:56 2017
Quartus Prime Version 17.1.0 Build 590 10/25/2017 SJ Lite Edition


---------------------
; Table of Contents ;
---------------------
  1. Legal Notice
  2. Analysis & Synthesis Summary
  3. Analysis & Synthesis Settings
  4. Parallel Compilation
  5. Analysis & Synthesis Source Files Read
  6. Analysis & Synthesis Resource Usage Summary
  7. Analysis & Synthesis Resource Utilization by Entity
  8. State Machine - |ex8_top|delayv2:D1|state
  9. General Register Statistics
 10. Inverted Register Statistics
 11. Multiplexer Restructuring Statistics (Restructuring Performed)
 12. Port Connectivity Checks: "bin2bcd_16:BCDC|add3_ge5:A31"
 13. Port Connectivity Checks: "bin2bcd_16:BCDC|add3_ge5:A19"
 14. Port Connectivity Checks: "bin2bcd_16:BCDC|add3_ge5:A10"
 15. Port Connectivity Checks: "bin2bcd_16:BCDC|add3_ge5:A4"
 16. Port Connectivity Checks: "bin2bcd_16:BCDC|add3_ge5:A1"
 17. Port Connectivity Checks: "bin2bcd_16:BCDC"
 18. Port Connectivity Checks: "clktick:a2"
 19. Port Connectivity Checks: "clktick:a1"
 20. Post-Synthesis Netlist Statistics for Top Partition
 21. Elapsed Time Per Partition
 22. Analysis & Synthesis Messages
 23. Analysis & Synthesis Suppressed Messages



----------------
; Legal Notice ;
----------------
Copyright (C) 2017  Intel Corporation. All rights reserved.
Your use of Intel Corporation's design tools, logic functions 
and other software and tools, and its AMPP partner logic 
functions, and any output files from any of the foregoing 
(including device programming or simulation files), and any 
associated documentation or information are expressly subject 
to the terms and conditions of the Intel Program License 
Subscription Agreement, the Intel Quartus Prime License Agreement,
the Intel FPGA IP License Agreement, or other applicable license
agreement, including, without limitation, that your use is for
the sole purpose of programming logic devices manufactured by
Intel and sold by Intel or its authorized distributors.  Please
refer to the applicable agreement for further details.



+-------------------------------------------------------------------------------+
; Analysis & Synthesis Summary                                                  ;
+---------------------------------+---------------------------------------------+
; Analysis & Synthesis Status     ; Successful - Sat Dec 09 19:06:56 2017       ;
; Quartus Prime Version           ; 17.1.0 Build 590 10/25/2017 SJ Lite Edition ;
; Revision Name                   ; ex8_top                                     ;
; Top-level Entity Name           ; ex8_top                                     ;
; Family                          ; Cyclone V                                   ;
; Logic utilization (in ALMs)     ; N/A                                         ;
; Total registers                 ; 73                                          ;
; Total pins                      ; 50                                          ;
; Total virtual pins              ; 0                                           ;
; Total block memory bits         ; 0                                           ;
; Total DSP Blocks                ; 0                                           ;
; Total HSSI RX PCSs              ; 0                                           ;
; Total HSSI PMA RX Deserializers ; 0                                           ;
; Total HSSI TX PCSs              ; 0                                           ;
; Total HSSI PMA TX Serializers   ; 0                                           ;
; Total PLLs                      ; 0                                           ;
; Total DLLs                      ; 0                                           ;
+---------------------------------+---------------------------------------------+


+---------------------------------------------------------------------------------------------------------------------------+
; Analysis & Synthesis Settings                                                                                             ;
+---------------------------------------------------------------------------------+--------------------+--------------------+
; Option                                                                          ; Setting            ; Default Value      ;
+---------------------------------------------------------------------------------+--------------------+--------------------+
; Device                                                                          ; 5CSEMA5F31C6       ;                    ;
; Top-level entity name                                                           ; ex8_top            ; ex8_top            ;
; Family name                                                                     ; Cyclone V          ; Cyclone V          ;
; Use smart compilation                                                           ; Off                ; Off                ;
; Enable parallel Assembler and TimeQuest Timing Analyzer during compilation      ; On                 ; On                 ;
; Enable compact report table                                                     ; Off                ; Off                ;
; Restructure Multiplexers                                                        ; Auto               ; Auto               ;
; MLAB Add Timing Constraints For Mixed-Port Feed-Through Mode Setting Don't Care ; Off                ; Off                ;
; Create Debugging Nodes for IP Cores                                             ; Off                ; Off                ;
; Preserve fewer node names                                                       ; On                 ; On                 ;
; Intel FPGA IP Evaluation Mode                                                   ; Enable             ; Enable             ;
; Verilog Version                                                                 ; Verilog_2001       ; Verilog_2001       ;
; VHDL Version                                                                    ; VHDL_1993          ; VHDL_1993          ;
; State Machine Processing                                                        ; Auto               ; Auto               ;
; Safe State Machine                                                              ; Off                ; Off                ;
; Extract Verilog State Machines                                                  ; On                 ; On                 ;
; Extract VHDL State Machines                                                     ; On                 ; On                 ;
; Ignore Verilog initial constructs                                               ; Off                ; Off                ;
; Iteration limit for constant Verilog loops                                      ; 5000               ; 5000               ;
; Iteration limit for non-constant Verilog loops                                  ; 250                ; 250                ;
; Add Pass-Through Logic to Inferred RAMs                                         ; On                 ; On                 ;
; Infer RAMs from Raw Logic                                                       ; On                 ; On                 ;
; Parallel Synthesis                                                              ; On                 ; On                 ;
; DSP Block Balancing                                                             ; Auto               ; Auto               ;
; NOT Gate Push-Back                                                              ; On                 ; On                 ;
; Power-Up Don't Care                                                             ; On                 ; On                 ;
; Remove Redundant Logic Cells                                                    ; Off                ; Off                ;
; Remove Duplicate Registers                                                      ; On                 ; On                 ;
; Ignore CARRY Buffers                                                            ; Off                ; Off                ;
; Ignore CASCADE Buffers                                                          ; Off                ; Off                ;
; Ignore GLOBAL Buffers                                                           ; Off                ; Off                ;
; Ignore ROW GLOBAL Buffers                                                       ; Off                ; Off                ;
; Ignore LCELL Buffers                                                            ; Off                ; Off                ;
; Ignore SOFT Buffers                                                             ; On                 ; On                 ;
; Limit AHDL Integers to 32 Bits                                                  ; Off                ; Off                ;
; Optimization Technique                                                          ; Balanced           ; Balanced           ;
; Carry Chain Length                                                              ; 70                 ; 70                 ;
; Auto Carry Chains                                                               ; On                 ; On                 ;
; Auto Open-Drain Pins                                                            ; On                 ; On                 ;
; Perform WYSIWYG Primitive Resynthesis                                           ; Off                ; Off                ;
; Auto ROM Replacement                                                            ; On                 ; On                 ;
; Auto RAM Replacement                                                            ; On                 ; On                 ;
; Auto DSP Block Replacement                                                      ; On                 ; On                 ;
; Auto Shift Register Replacement                                                 ; Auto               ; Auto               ;
; Allow Shift Register Merging across Hierarchies                                 ; Auto               ; Auto               ;
; Auto Clock Enable Replacement                                                   ; On                 ; On                 ;
; Strict RAM Replacement                                                          ; Off                ; Off                ;
; Allow Synchronous Control Signals                                               ; On                 ; On                 ;
; Force Use of Synchronous Clear Signals                                          ; Off                ; Off                ;
; Auto Resource Sharing                                                           ; Off                ; Off                ;
; Allow Any RAM Size For Recognition                                              ; Off                ; Off                ;
; Allow Any ROM Size For Recognition                                              ; Off                ; Off                ;
; Allow Any Shift Register Size For Recognition                                   ; Off                ; Off                ;
; Use LogicLock Constraints during Resource Balancing                             ; On                 ; On                 ;
; Ignore translate_off and synthesis_off directives                               ; Off                ; Off                ;
; Timing-Driven Synthesis                                                         ; On                 ; On                 ;
; Report Parameter Settings                                                       ; On                 ; On                 ;
; Report Source Assignments                                                       ; On                 ; On                 ;
; Report Connectivity Checks                                                      ; On                 ; On                 ;
; Ignore Maximum Fan-Out Assignments                                              ; Off                ; Off                ;
; Synchronization Register Chain Length                                           ; 3                  ; 3                  ;
; Power Optimization During Synthesis                                             ; Normal compilation ; Normal compilation ;
; HDL message level                                                               ; Level2             ; Level2             ;
; Suppress Register Optimization Related Messages                                 ; Off                ; Off                ;
; Number of Removed Registers Reported in Synthesis Report                        ; 5000               ; 5000               ;
; Number of Swept Nodes Reported in Synthesis Report                              ; 5000               ; 5000               ;
; Number of Inverted Registers Reported in Synthesis Report                       ; 100                ; 100                ;
; Clock MUX Protection                                                            ; On                 ; On                 ;
; Auto Gated Clock Conversion                                                     ; Off                ; Off                ;
; Block Design Naming                                                             ; Auto               ; Auto               ;
; SDC constraint protection                                                       ; Off                ; Off                ;
; Synthesis Effort                                                                ; Auto               ; Auto               ;
; Shift Register Replacement - Allow Asynchronous Clear Signal                    ; On                 ; On                 ;
; Pre-Mapping Resynthesis Optimization                                            ; Off                ; Off                ;
; Analysis & Synthesis Message Level                                              ; Medium             ; Medium             ;
; Disable Register Merging Across Hierarchies                                     ; Auto               ; Auto               ;
; Resource Aware Inference For Block RAM                                          ; On                 ; On                 ;
; Automatic Parallel Synthesis                                                    ; On                 ; On                 ;
; Partial Reconfiguration Bitstream ID                                            ; Off                ; Off                ;
+---------------------------------------------------------------------------------+--------------------+--------------------+


+------------------------------------------+
; Parallel Compilation                     ;
+----------------------------+-------------+
; Processors                 ; Number      ;
+----------------------------+-------------+
; Number detected on machine ; 4           ;
; Maximum allowed            ; 2           ;
;                            ;             ;
; Average used               ; 1.00        ;
; Maximum used               ; 2           ;
;                            ;             ;
; Usage by Processor         ; % Time Used ;
;     Processor 1            ; 100.0%      ;
;     Processor 2            ;   0.0%      ;
+----------------------------+-------------+


+-------------------------------------------------------------------------------------------------------------------------------------------------------------------------------+
; Analysis & Synthesis Source Files Read                                                                                                                                        ;
+-----------------------------------------+-----------------+------------------------+--------------------------------------------------------------------------------+---------+
; File Name with User-Entered Path        ; Used in Netlist ; File Type              ; File Name with Absolute Path                                                   ; Library ;
+-----------------------------------------+-----------------+------------------------+--------------------------------------------------------------------------------+---------+
; ../ex8 - Copy/Formula/Formula/ex8/fsm.v ; yes             ; User Verilog HDL File  ; C:/Users/fvice/Downloads/VERI/VERI/part_2/ex8 - Copy/Formula/Formula/ex8/fsm.v ;         ;
; ../ex9/Formula/Formula/ex8/led.v        ; yes             ; User Verilog HDL File  ; C:/Users/fvice/Downloads/VERI/VERI/part_2/ex9/Formula/Formula/ex8/led.v        ;         ;
; ../ex9/Formula/Formula/ex8/tick.v       ; yes             ; User Verilog HDL File  ; C:/Users/fvice/Downloads/VERI/VERI/part_2/ex9/Formula/Formula/ex8/tick.v       ;         ;
; ../mylib/hex_to_7seg.v                  ; yes             ; User Verilog HDL File  ; C:/Users/fvice/Downloads/VERI/VERI/part_2/mylib/hex_to_7seg.v                  ;         ;
; ../ex9/Formula/Formula/ex8/lfsr16.v     ; yes             ; User Verilog HDL File  ; C:/Users/fvice/Downloads/VERI/VERI/part_2/ex9/Formula/Formula/ex8/lfsr16.v     ;         ;
; ../ex8/delayv2.v                        ; yes             ; User Verilog HDL File  ; C:/Users/fvice/Downloads/VERI/VERI/part_2/ex8/delayv2.v                        ;         ;
; ../mylib/add3_ge5.v                     ; yes             ; User Verilog HDL File  ; C:/Users/fvice/Downloads/VERI/VERI/part_2/mylib/add3_ge5.v                     ;         ;
; ../mylib/bin2bcd_16.v                   ; yes             ; User Verilog HDL File  ; C:/Users/fvice/Downloads/VERI/VERI/part_2/mylib/bin2bcd_16.v                   ;         ;
; ex8_top.v                               ; yes             ; User Verilog HDL File  ; C:/Users/fvice/Downloads/VERI/VERI/part_2/ex8_top/ex8_top.v                    ;         ;
+-----------------------------------------+-----------------+------------------------+--------------------------------------------------------------------------------+---------+


+---------------------------------------------------------------+
; Analysis & Synthesis Resource Usage Summary                   ;
+---------------------------------------------+-----------------+
; Resource                                    ; Usage           ;
+---------------------------------------------+-----------------+
; Estimate of Logic utilization (ALMs needed) ; 134             ;
;                                             ;                 ;
; Combinational ALUT usage for logic          ; 237             ;
;     -- 7 input functions                    ; 1               ;
;     -- 6 input functions                    ; 28              ;
;     -- 5 input functions                    ; 23              ;
;     -- 4 input functions                    ; 115             ;
;     -- <=3 input functions                  ; 70              ;
;                                             ;                 ;
; Dedicated logic registers                   ; 73              ;
;                                             ;                 ;
; I/O pins                                    ; 50              ;
;                                             ;                 ;
; Total DSP Blocks                            ; 0               ;
;                                             ;                 ;
; Maximum fan-out node                        ; clktick:a1|tick ;
; Maximum fan-out                             ; 50              ;
; Total fan-out                               ; 1197            ;
; Average fan-out                             ; 2.92            ;
+---------------------------------------------+-----------------+


+----------------------------------------------------------------------------------------------------------------------------------------------------------------------------------------------------------+
; Analysis & Synthesis Resource Utilization by Entity                                                                                                                                                      ;
+----------------------------+---------------------+---------------------------+-------------------+------------+------+--------------+---------------------------------------+-------------+--------------+
; Compilation Hierarchy Node ; Combinational ALUTs ; Dedicated Logic Registers ; Block Memory Bits ; DSP Blocks ; Pins ; Virtual Pins ; Full Hierarchy Name                   ; Entity Name ; Library Name ;
+----------------------------+---------------------+---------------------------+-------------------+------------+------+--------------+---------------------------------------+-------------+--------------+
; |ex8_top                   ; 237 (0)             ; 73 (0)                    ; 0                 ; 0          ; 50   ; 0            ; |ex8_top                              ; ex8_top     ; work         ;
;    |bin2bcd_16:BCDC|       ; 97 (0)              ; 0 (0)                     ; 0                 ; 0          ; 0    ; 0            ; |ex8_top|bin2bcd_16:BCDC              ; bin2bcd_16  ; work         ;
;       |add3_ge5:A11|       ; 4 (4)               ; 0 (0)                     ; 0                 ; 0          ; 0    ; 0            ; |ex8_top|bin2bcd_16:BCDC|add3_ge5:A11 ; add3_ge5    ; work         ;
;       |add3_ge5:A12|       ; 4 (4)               ; 0 (0)                     ; 0                 ; 0          ; 0    ; 0            ; |ex8_top|bin2bcd_16:BCDC|add3_ge5:A12 ; add3_ge5    ; work         ;
;       |add3_ge5:A14|       ; 4 (4)               ; 0 (0)                     ; 0                 ; 0          ; 0    ; 0            ; |ex8_top|bin2bcd_16:BCDC|add3_ge5:A14 ; add3_ge5    ; work         ;
;       |add3_ge5:A15|       ; 4 (4)               ; 0 (0)                     ; 0                 ; 0          ; 0    ; 0            ; |ex8_top|bin2bcd_16:BCDC|add3_ge5:A15 ; add3_ge5    ; work         ;
;       |add3_ge5:A16|       ; 1 (1)               ; 0 (0)                     ; 0                 ; 0          ; 0    ; 0            ; |ex8_top|bin2bcd_16:BCDC|add3_ge5:A16 ; add3_ge5    ; work         ;
;       |add3_ge5:A17|       ; 4 (4)               ; 0 (0)                     ; 0                 ; 0          ; 0    ; 0            ; |ex8_top|bin2bcd_16:BCDC|add3_ge5:A17 ; add3_ge5    ; work         ;
;       |add3_ge5:A18|       ; 4 (4)               ; 0 (0)                     ; 0                 ; 0          ; 0    ; 0            ; |ex8_top|bin2bcd_16:BCDC|add3_ge5:A18 ; add3_ge5    ; work         ;
;       |add3_ge5:A20|       ; 4 (4)               ; 0 (0)                     ; 0                 ; 0          ; 0    ; 0            ; |ex8_top|bin2bcd_16:BCDC|add3_ge5:A20 ; add3_ge5    ; work         ;
;       |add3_ge5:A21|       ; 4 (4)               ; 0 (0)                     ; 0                 ; 0          ; 0    ; 0            ; |ex8_top|bin2bcd_16:BCDC|add3_ge5:A21 ; add3_ge5    ; work         ;
;       |add3_ge5:A22|       ; 4 (4)               ; 0 (0)                     ; 0                 ; 0          ; 0    ; 0            ; |ex8_top|bin2bcd_16:BCDC|add3_ge5:A22 ; add3_ge5    ; work         ;
;       |add3_ge5:A24|       ; 4 (4)               ; 0 (0)                     ; 0                 ; 0          ; 0    ; 0            ; |ex8_top|bin2bcd_16:BCDC|add3_ge5:A24 ; add3_ge5    ; work         ;
;       |add3_ge5:A25|       ; 4 (4)               ; 0 (0)                     ; 0                 ; 0          ; 0    ; 0            ; |ex8_top|bin2bcd_16:BCDC|add3_ge5:A25 ; add3_ge5    ; work         ;
;       |add3_ge5:A26|       ; 4 (4)               ; 0 (0)                     ; 0                 ; 0          ; 0    ; 0            ; |ex8_top|bin2bcd_16:BCDC|add3_ge5:A26 ; add3_ge5    ; work         ;
;       |add3_ge5:A27|       ; 1 (1)               ; 0 (0)                     ; 0                 ; 0          ; 0    ; 0            ; |ex8_top|bin2bcd_16:BCDC|add3_ge5:A27 ; add3_ge5    ; work         ;
;       |add3_ge5:A28|       ; 4 (4)               ; 0 (0)                     ; 0                 ; 0          ; 0    ; 0            ; |ex8_top|bin2bcd_16:BCDC|add3_ge5:A28 ; add3_ge5    ; work         ;
;       |add3_ge5:A29|       ; 4 (4)               ; 0 (0)                     ; 0                 ; 0          ; 0    ; 0            ; |ex8_top|bin2bcd_16:BCDC|add3_ge5:A29 ; add3_ge5    ; work         ;
;       |add3_ge5:A30|       ; 4 (4)               ; 0 (0)                     ; 0                 ; 0          ; 0    ; 0            ; |ex8_top|bin2bcd_16:BCDC|add3_ge5:A30 ; add3_ge5    ; work         ;
;       |add3_ge5:A32|       ; 9 (9)               ; 0 (0)                     ; 0                 ; 0          ; 0    ; 0            ; |ex8_top|bin2bcd_16:BCDC|add3_ge5:A32 ; add3_ge5    ; work         ;
;       |add3_ge5:A33|       ; 4 (4)               ; 0 (0)                     ; 0                 ; 0          ; 0    ; 0            ; |ex8_top|bin2bcd_16:BCDC|add3_ge5:A33 ; add3_ge5    ; work         ;
;       |add3_ge5:A34|       ; 4 (4)               ; 0 (0)                     ; 0                 ; 0          ; 0    ; 0            ; |ex8_top|bin2bcd_16:BCDC|add3_ge5:A34 ; add3_ge5    ; work         ;
;       |add3_ge5:A35|       ; 4 (4)               ; 0 (0)                     ; 0                 ; 0          ; 0    ; 0            ; |ex8_top|bin2bcd_16:BCDC|add3_ge5:A35 ; add3_ge5    ; work         ;
;       |add3_ge5:A3|        ; 1 (1)               ; 0 (0)                     ; 0                 ; 0          ; 0    ; 0            ; |ex8_top|bin2bcd_16:BCDC|add3_ge5:A3  ; add3_ge5    ; work         ;
;       |add3_ge5:A5|        ; 4 (4)               ; 0 (0)                     ; 0                 ; 0          ; 0    ; 0            ; |ex8_top|bin2bcd_16:BCDC|add3_ge5:A5  ; add3_ge5    ; work         ;
;       |add3_ge5:A7|        ; 4 (4)               ; 0 (0)                     ; 0                 ; 0          ; 0    ; 0            ; |ex8_top|bin2bcd_16:BCDC|add3_ge5:A7  ; add3_ge5    ; work         ;
;       |add3_ge5:A8|        ; 1 (1)               ; 0 (0)                     ; 0                 ; 0          ; 0    ; 0            ; |ex8_top|bin2bcd_16:BCDC|add3_ge5:A8  ; add3_ge5    ; work         ;
;       |add3_ge5:A9|        ; 4 (4)               ; 0 (0)                     ; 0                 ; 0          ; 0    ; 0            ; |ex8_top|bin2bcd_16:BCDC|add3_ge5:A9  ; add3_ge5    ; work         ;
;    |clktick:a1|            ; 27 (27)             ; 17 (17)                   ; 0                 ; 0          ; 0    ; 0            ; |ex8_top|clktick:a1                   ; clktick     ; work         ;
;    |clktick:a2|            ; 20 (20)             ; 17 (17)                   ; 0                 ; 0          ; 0    ; 0            ; |ex8_top|clktick:a2                   ; clktick     ; work         ;
;    |delayv2:D1|            ; 43 (43)             ; 18 (18)                   ; 0                 ; 0          ; 0    ; 0            ; |ex8_top|delayv2:D1                   ; delayv2     ; work         ;
;    |fsm:F1|                ; 17 (7)              ; 7 (7)                     ; 0                 ; 0          ; 0    ; 0            ; |ex8_top|fsm:F1                       ; fsm         ; work         ;
;       |led:L1|             ; 10 (10)             ; 0 (0)                     ; 0                 ; 0          ; 0    ; 0            ; |ex8_top|fsm:F1|led:L1                ; led         ; work         ;
;    |hex_to_7seg:H0|        ; 7 (7)               ; 0 (0)                     ; 0                 ; 0          ; 0    ; 0            ; |ex8_top|hex_to_7seg:H0               ; hex_to_7seg ; work         ;
;    |hex_to_7seg:H1|        ; 7 (7)               ; 0 (0)                     ; 0                 ; 0          ; 0    ; 0            ; |ex8_top|hex_to_7seg:H1               ; hex_to_7seg ; work         ;
;    |hex_to_7seg:H2|        ; 7 (7)               ; 0 (0)                     ; 0                 ; 0          ; 0    ; 0            ; |ex8_top|hex_to_7seg:H2               ; hex_to_7seg ; work         ;
;    |hex_to_7seg:H3|        ; 7 (7)               ; 0 (0)                     ; 0                 ; 0          ; 0    ; 0            ; |ex8_top|hex_to_7seg:H3               ; hex_to_7seg ; work         ;
;    |hex_to_7seg:H4|        ; 3 (3)               ; 0 (0)                     ; 0                 ; 0          ; 0    ; 0            ; |ex8_top|hex_to_7seg:H4               ; hex_to_7seg ; work         ;
;    |lfsr14:LFSR|           ; 2 (2)               ; 14 (14)                   ; 0                 ; 0          ; 0    ; 0            ; |ex8_top|lfsr14:LFSR                  ; lfsr14      ; work         ;
+----------------------------+---------------------+---------------------------+-------------------+------------+------+--------------+---------------------------------------+-------------+--------------+
Note: For table entries with two numbers listed, the numbers in parentheses indicate the number of resources of the given type used by the specific entity alone. The numbers listed outside of parentheses indicate the total resources of the given type used by the specific entity and all of its sub-entities in the hierarchy.


Encoding Type:  One-Hot
+-------------------------------------------+
; State Machine - |ex8_top|delayv2:D1|state ;
+----------+----------+----------+----------+
; Name     ; state.00 ; state.10 ; state.01 ;
+----------+----------+----------+----------+
; state.00 ; 0        ; 0        ; 0        ;
; state.01 ; 1        ; 0        ; 1        ;
; state.10 ; 1        ; 1        ; 0        ;
+----------+----------+----------+----------+


+------------------------------------------------------+
; General Register Statistics                          ;
+----------------------------------------------+-------+
; Statistic                                    ; Value ;
+----------------------------------------------+-------+
; Total registers                              ; 73    ;
; Number of registers using Synchronous Clear  ; 24    ;
; Number of registers using Synchronous Load   ; 0     ;
; Number of registers using Asynchronous Clear ; 0     ;
; Number of registers using Asynchronous Load  ; 0     ;
; Number of registers using Clock Enable       ; 45    ;
; Number of registers using Preset             ; 0     ;
+----------------------------------------------+-------+


+--------------------------------------------------+
; Inverted Register Statistics                     ;
+----------------------------------------+---------+
; Inverted Register                      ; Fan out ;
+----------------------------------------+---------+
; lfsr14:LFSR|sreg[1]                    ; 10      ;
; fsm:F1|count[3]                        ; 17      ;
; fsm:F1|count[1]                        ; 17      ;
; fsm:F1|en_fsr                          ; 15      ;
; Total number of inverted registers = 4 ;         ;
+----------------------------------------+---------+


+---------------------------------------------------------------------------------------------------------------------------------------------+
; Multiplexer Restructuring Statistics (Restructuring Performed)                                                                              ;
+--------------------+-----------+---------------+----------------------+------------------------+------------+-------------------------------+
; Multiplexer Inputs ; Bus Width ; Baseline Area ; Area if Restructured ; Saving if Restructured ; Registered ; Example Multiplexer Output    ;
+--------------------+-----------+---------------+----------------------+------------------------+------------+-------------------------------+
; 5:1                ; 14 bits   ; 42 LEs        ; 0 LEs                ; 42 LEs                 ; Yes        ; |ex8_top|delayv2:D1|count[10] ;
; 18:1               ; 2 bits    ; 24 LEs        ; 12 LEs               ; 12 LEs                 ; Yes        ; |ex8_top|fsm:F1|count[0]      ;
; 18:1               ; 2 bits    ; 24 LEs        ; 16 LEs               ; 8 LEs                  ; Yes        ; |ex8_top|fsm:F1|count[3]      ;
; 6:1                ; 3 bits    ; 12 LEs        ; 6 LEs                ; 6 LEs                  ; No         ; |ex8_top|delayv2:D1|Selector1 ;
+--------------------+-----------+---------------+----------------------+------------------------+------------+-------------------------------+


+-----------------------------------------------------------------------------------------------------------------+
; Port Connectivity Checks: "bin2bcd_16:BCDC|add3_ge5:A31"                                                        ;
+-------+--------+----------+-------------------------------------------------------------------------------------+
; Port  ; Type   ; Severity ; Details                                                                             ;
+-------+--------+----------+-------------------------------------------------------------------------------------+
; iW[3] ; Input  ; Info     ; Stuck at GND                                                                        ;
; oA[3] ; Output ; Info     ; Connected to dangling logic. Logic that only feeds a dangling port will be removed. ;
+-------+--------+----------+-------------------------------------------------------------------------------------+


+----------------------------------------------------------+
; Port Connectivity Checks: "bin2bcd_16:BCDC|add3_ge5:A19" ;
+-------+-------+----------+-------------------------------+
; Port  ; Type  ; Severity ; Details                       ;
+-------+-------+----------+-------------------------------+
; iW[3] ; Input ; Info     ; Stuck at GND                  ;
+-------+-------+----------+-------------------------------+


+----------------------------------------------------------+
; Port Connectivity Checks: "bin2bcd_16:BCDC|add3_ge5:A10" ;
+-------+-------+----------+-------------------------------+
; Port  ; Type  ; Severity ; Details                       ;
+-------+-------+----------+-------------------------------+
; iW[3] ; Input ; Info     ; Stuck at GND                  ;
+-------+-------+----------+-------------------------------+


+---------------------------------------------------------+
; Port Connectivity Checks: "bin2bcd_16:BCDC|add3_ge5:A4" ;
+-------+-------+----------+------------------------------+
; Port  ; Type  ; Severity ; Details                      ;
+-------+-------+----------+------------------------------+
; iW[3] ; Input ; Info     ; Stuck at GND                 ;
+-------+-------+----------+------------------------------+


+---------------------------------------------------------+
; Port Connectivity Checks: "bin2bcd_16:BCDC|add3_ge5:A1" ;
+-------+-------+----------+------------------------------+
; Port  ; Type  ; Severity ; Details                      ;
+-------+-------+----------+------------------------------+
; iW[3] ; Input ; Info     ; Stuck at GND                 ;
+-------+-------+----------+------------------------------+


+-------------------------------------------------------------------------------------------------------------------------------------------------------------------------+
; Port Connectivity Checks: "bin2bcd_16:BCDC"                                                                                                                             ;
+------+-------+----------+-----------------------------------------------------------------------------------------------------------------------------------------------+
; Port ; Type  ; Severity ; Details                                                                                                                                       ;
+------+-------+----------+-----------------------------------------------------------------------------------------------------------------------------------------------+
; B    ; Input ; Warning  ; Input port expression (14 bits) is smaller than the input port (16 bits) it drives.  Extra input bit(s) "B[15..14]" will be connected to GND. ;
+------+-------+----------+-----------------------------------------------------------------------------------------------------------------------------------------------+


+---------------------------------------------+
; Port Connectivity Checks: "clktick:a2"      ;
+-----------+-------+----------+--------------+
; Port      ; Type  ; Severity ; Details      ;
+-----------+-------+----------+--------------+
; k[8..6]   ; Input ; Info     ; Stuck at VCC ;
; k[1..0]   ; Input ; Info     ; Stuck at VCC ;
; k[15..12] ; Input ; Info     ; Stuck at GND ;
; k[10..9]  ; Input ; Info     ; Stuck at GND ;
; k[5..2]   ; Input ; Info     ; Stuck at GND ;
; k[11]     ; Input ; Info     ; Stuck at VCC ;
+-----------+-------+----------+--------------+


+---------------------------------------------+
; Port Connectivity Checks: "clktick:a1"      ;
+-----------+-------+----------+--------------+
; Port      ; Type  ; Severity ; Details      ;
+-----------+-------+----------+--------------+
; k[15..14] ; Input ; Info     ; Stuck at VCC ;
; k[9..8]   ; Input ; Info     ; Stuck at VCC ;
; k[3..0]   ; Input ; Info     ; Stuck at VCC ;
; k[13..10] ; Input ; Info     ; Stuck at GND ;
; k[5..4]   ; Input ; Info     ; Stuck at GND ;
; k[7]      ; Input ; Info     ; Stuck at GND ;
; k[6]      ; Input ; Info     ; Stuck at VCC ;
; enable    ; Input ; Info     ; Stuck at VCC ;
+-----------+-------+----------+--------------+


+-----------------------------------------------------+
; Post-Synthesis Netlist Statistics for Top Partition ;
+-----------------------+-----------------------------+
; Type                  ; Count                       ;
+-----------------------+-----------------------------+
; arriav_ff             ; 73                          ;
;     ENA               ; 21                          ;
;     ENA SCLR          ; 24                          ;
;     plain             ; 28                          ;
; arriav_lcell_comb     ; 261                         ;
;     arith             ; 61                          ;
;         0 data inputs ; 1                           ;
;         1 data inputs ; 60                          ;
;     extend            ; 1                           ;
;         7 data inputs ; 1                           ;
;     normal            ; 199                         ;
;         0 data inputs ; 1                           ;
;         1 data inputs ; 24                          ;
;         2 data inputs ; 4                           ;
;         3 data inputs ; 4                           ;
;         4 data inputs ; 115                         ;
;         5 data inputs ; 23                          ;
;         6 data inputs ; 28                          ;
; boundary_port         ; 50                          ;
;                       ;                             ;
; Max LUT depth         ; 13.00                       ;
; Average LUT depth     ; 6.34                        ;
+-----------------------+-----------------------------+


+-------------------------------+
; Elapsed Time Per Partition    ;
+----------------+--------------+
; Partition Name ; Elapsed Time ;
+----------------+--------------+
; Top            ; 00:00:01     ;
+----------------+--------------+


+-------------------------------+
; Analysis & Synthesis Messages ;
+-------------------------------+
Info: *******************************************************************
Info: Running Quartus Prime Analysis & Synthesis
    Info: Version 17.1.0 Build 590 10/25/2017 SJ Lite Edition
    Info: Processing started: Sat Dec 09 19:06:41 2017
Info: Command: quartus_map --read_settings_files=on --write_settings_files=off ex8_top -c ex8_top
Warning (18236): Number of processors has not been specified which may cause overloading on shared machines.  Set the global assignment NUM_PARALLEL_PROCESSORS in your QSF to an appropriate value for best performance.
Info (20030): Parallel compilation is enabled and will use 2 of the 2 processors detected
Info (12021): Found 1 design units, including 1 entities, in source file /users/fvice/downloads/veri/veri/part_2/ex8 - copy/formula/formula/ex8/fsm.v
    Info (12023): Found entity 1: fsm File: C:/Users/fvice/Downloads/VERI/VERI/part_2/ex8 - Copy/Formula/Formula/ex8/fsm.v Line: 1
Info (12021): Found 1 design units, including 1 entities, in source file /users/fvice/downloads/veri/veri/part_2/ex9/formula/formula/ex8/led.v
    Info (12023): Found entity 1: led File: C:/Users/fvice/Downloads/VERI/VERI/part_2/ex9/Formula/Formula/ex8/led.v Line: 1
Info (12021): Found 1 design units, including 1 entities, in source file /users/fvice/downloads/veri/veri/part_2/ex9/formula/formula/ex8/tick.v
    Info (12023): Found entity 1: clktick File: C:/Users/fvice/Downloads/VERI/VERI/part_2/ex9/Formula/Formula/ex8/tick.v Line: 1
Info (12021): Found 1 design units, including 1 entities, in source file /users/fvice/downloads/veri/veri/part_2/mylib/hex_to_7seg.v
    Info (12023): Found entity 1: hex_to_7seg File: C:/Users/fvice/Downloads/VERI/VERI/part_2/mylib/hex_to_7seg.v Line: 1
Info (12021): Found 1 design units, including 1 entities, in source file /users/fvice/downloads/veri/veri/part_2/ex9/formula/formula/ex8/lfsr16.v
    Info (12023): Found entity 1: lfsr14 File: C:/Users/fvice/Downloads/VERI/VERI/part_2/ex9/Formula/Formula/ex8/lfsr16.v Line: 1
Info (12021): Found 1 design units, including 1 entities, in source file /users/fvice/downloads/veri/veri/part_2/ex8/reacttime.v
    Info (12023): Found entity 1: reactions File: C:/Users/fvice/Downloads/VERI/VERI/part_2/ex8/reacttime.v Line: 1
Info (12021): Found 1 design units, including 1 entities, in source file /users/fvice/downloads/veri/veri/part_2/ex8/delayv2.v
    Info (12023): Found entity 1: delayv2 File: C:/Users/fvice/Downloads/VERI/VERI/part_2/ex8/delayv2.v Line: 1
Info (12021): Found 1 design units, including 1 entities, in source file /users/fvice/downloads/veri/veri/part_2/mylib/add3_ge5.v
    Info (12023): Found entity 1: add3_ge5 File: C:/Users/fvice/Downloads/VERI/VERI/part_2/mylib/add3_ge5.v Line: 9
Info (12021): Found 1 design units, including 1 entities, in source file /users/fvice/downloads/veri/veri/part_2/mylib/bin2bcd_16.v
    Info (12023): Found entity 1: bin2bcd_16 File: C:/Users/fvice/Downloads/VERI/VERI/part_2/mylib/bin2bcd_16.v Line: 12
Info (12021): Found 1 design units, including 1 entities, in source file ex8_top.v
    Info (12023): Found entity 1: ex8_top File: C:/Users/fvice/Downloads/VERI/VERI/part_2/ex8_top/ex8_top.v Line: 1
Info (12127): Elaborating entity "ex8_top" for the top level hierarchy
Info (12128): Elaborating entity "clktick" for hierarchy "clktick:a1" File: C:/Users/fvice/Downloads/VERI/VERI/part_2/ex8_top/ex8_top.v Line: 25
Warning (10855): Verilog HDL warning at tick.v(8): initial value for variable count should be constant File: C:/Users/fvice/Downloads/VERI/VERI/part_2/ex9/Formula/Formula/ex8/tick.v Line: 8
Info (12128): Elaborating entity "fsm" for hierarchy "fsm:F1" File: C:/Users/fvice/Downloads/VERI/VERI/part_2/ex8_top/ex8_top.v Line: 28
Info (12128): Elaborating entity "led" for hierarchy "fsm:F1|led:L1" File: C:/Users/fvice/Downloads/VERI/VERI/part_2/ex8 - Copy/Formula/Formula/ex8/fsm.v Line: 60
Warning (10235): Verilog HDL Always Construct warning at led.v(19): variable "time_out" is read inside the Always Construct but isn't in the Always Construct's Event Control File: C:/Users/fvice/Downloads/VERI/VERI/part_2/ex9/Formula/Formula/ex8/led.v Line: 19
Info (12128): Elaborating entity "lfsr14" for hierarchy "lfsr14:LFSR" File: C:/Users/fvice/Downloads/VERI/VERI/part_2/ex8_top/ex8_top.v Line: 30
Info (12128): Elaborating entity "delayv2" for hierarchy "delayv2:D1" File: C:/Users/fvice/Downloads/VERI/VERI/part_2/ex8_top/ex8_top.v Line: 32
Info (12128): Elaborating entity "bin2bcd_16" for hierarchy "bin2bcd_16:BCDC" File: C:/Users/fvice/Downloads/VERI/VERI/part_2/ex8_top/ex8_top.v Line: 34
Info (12128): Elaborating entity "add3_ge5" for hierarchy "bin2bcd_16:BCDC|add3_ge5:A1" File: C:/Users/fvice/Downloads/VERI/VERI/part_2/mylib/bin2bcd_16.v Line: 26
Info (12128): Elaborating entity "hex_to_7seg" for hierarchy "hex_to_7seg:H0" File: C:/Users/fvice/Downloads/VERI/VERI/part_2/ex8_top/ex8_top.v Line: 36
Warning (12241): 1 hierarchies have connectivity warnings - see the Connectivity Checks report folder
Warning (13024): Output pins are stuck at VCC or GND
    Warning (13410): Pin "HEX4[1]" is stuck at GND File: C:/Users/fvice/Downloads/VERI/VERI/part_2/ex8_top/ex8_top.v Line: 15
Info (286030): Timing-Driven Synthesis is running
Info (144001): Generated suppressed messages file C:/Users/fvice/Downloads/VERI/VERI/part_2/ex8_top/output_files/ex8_top.map.smsg
Info (16010): Generating hard_block partition "hard_block:auto_generated_inst"
    Info (16011): Adding 0 node(s), including 0 DDIO, 0 PLL, 0 transceiver and 0 LCELL
Warning (21074): Design contains 3 input pin(s) that do not drive logic
    Warning (15610): No output dependent on input pin "KEY[0]" File: C:/Users/fvice/Downloads/VERI/VERI/part_2/ex8_top/ex8_top.v Line: 14
    Warning (15610): No output dependent on input pin "KEY[1]" File: C:/Users/fvice/Downloads/VERI/VERI/part_2/ex8_top/ex8_top.v Line: 14
    Warning (15610): No output dependent on input pin "KEY[2]" File: C:/Users/fvice/Downloads/VERI/VERI/part_2/ex8_top/ex8_top.v Line: 14
Info (21057): Implemented 301 device resources after synthesis - the final resource count might be different
    Info (21058): Implemented 5 input pins
    Info (21059): Implemented 45 output pins
    Info (21061): Implemented 251 logic cells
Info: Quartus Prime Analysis & Synthesis was successful. 0 errors, 10 warnings
    Info: Peak virtual memory: 698 megabytes
    Info: Processing ended: Sat Dec 09 19:06:56 2017
    Info: Elapsed time: 00:00:15
    Info: Total CPU time (on all processors): 00:00:31


+------------------------------------------+
; Analysis & Synthesis Suppressed Messages ;
+------------------------------------------+
The suppressed messages can be found in C:/Users/fvice/Downloads/VERI/VERI/part_2/ex8_top/output_files/ex8_top.map.smsg.


