Analysis & Synthesis report for ex8
Fri Dec 01 12:52:43 2017
Quartus Prime Version 16.0.0 Build 211 04/27/2016 SJ Standard Edition


---------------------
; Table of Contents ;
---------------------
  1. Legal Notice
  2. Analysis & Synthesis Summary
  3. Analysis & Synthesis Settings
  4. Parallel Compilation
  5. Analysis & Synthesis Source Files Read
  6. Analysis & Synthesis Resource Usage Summary
  7. Analysis & Synthesis Resource Utilization by Entity
  8. State Machine - |ex8_top|delay:del|state
  9. State Machine - |ex8_top|fsm:fs|state
 10. Registers Removed During Synthesis
 11. Removed Registers Triggering Further Register Optimizations
 12. General Register Statistics
 13. Multiplexer Restructuring Statistics (Restructuring Performed)
 14. Parameter Settings for User Entity Instance: div_50000:clk2
 15. Parameter Settings for User Entity Instance: div_2500:clk3
 16. Parameter Settings for User Entity Instance: fsm:fs
 17. Parameter Settings for User Entity Instance: delay:del
 18. Port Connectivity Checks: "bin2bcd_16:to_bcd|add3_ge5:A31"
 19. Port Connectivity Checks: "bin2bcd_16:to_bcd|add3_ge5:A19"
 20. Port Connectivity Checks: "bin2bcd_16:to_bcd|add3_ge5:A10"
 21. Port Connectivity Checks: "bin2bcd_16:to_bcd|add3_ge5:A4"
 22. Port Connectivity Checks: "bin2bcd_16:to_bcd|add3_ge5:A1"
 23. Port Connectivity Checks: "bin2bcd_16:to_bcd"
 24. Post-Synthesis Netlist Statistics for Top Partition
 25. Elapsed Time Per Partition
 26. Analysis & Synthesis Messages
 27. Analysis & Synthesis Suppressed Messages



----------------
; Legal Notice ;
----------------
Copyright (C) 1991-2016 Altera Corporation. All rights reserved.
Your use of Altera Corporation's design tools, logic functions 
and other software and tools, and its AMPP partner logic 
functions, and any output files from any of the foregoing 
(including device programming or simulation files), and any 
associated documentation or information are expressly subject 
to the terms and conditions of the Altera Program License 
Subscription Agreement, the Altera Quartus Prime License Agreement,
the Altera MegaCore Function License Agreement, or other 
applicable license agreement, including, without limitation, 
that your use is for the sole purpose of programming logic 
devices manufactured by Altera and sold by Altera or its 
authorized distributors.  Please refer to the applicable 
agreement for further details.



+-----------------------------------------------------------------------------------+
; Analysis & Synthesis Summary                                                      ;
+---------------------------------+-------------------------------------------------+
; Analysis & Synthesis Status     ; Successful - Fri Dec 01 12:52:43 2017           ;
; Quartus Prime Version           ; 16.0.0 Build 211 04/27/2016 SJ Standard Edition ;
; Revision Name                   ; ex8                                             ;
; Top-level Entity Name           ; ex8_top                                         ;
; Family                          ; Cyclone V                                       ;
; Logic utilization (in ALMs)     ; N/A                                             ;
; Total registers                 ; 47                                              ;
; Total pins                      ; 50                                              ;
; Total virtual pins              ; 0                                               ;
; Total block memory bits         ; 0                                               ;
; Total DSP Blocks                ; 0                                               ;
; Total HSSI RX PCSs              ; 0                                               ;
; Total HSSI PMA RX Deserializers ; 0                                               ;
; Total HSSI TX PCSs              ; 0                                               ;
; Total HSSI PMA TX Serializers   ; 0                                               ;
; Total PLLs                      ; 0                                               ;
; Total DLLs                      ; 0                                               ;
+---------------------------------+-------------------------------------------------+


+---------------------------------------------------------------------------------------------------------------------------+
; Analysis & Synthesis Settings                                                                                             ;
+---------------------------------------------------------------------------------+--------------------+--------------------+
; Option                                                                          ; Setting            ; Default Value      ;
+---------------------------------------------------------------------------------+--------------------+--------------------+
; Device                                                                          ; 5CSEMA5F31C6       ;                    ;
; Top-level entity name                                                           ; ex8_top            ; ex8                ;
; Family name                                                                     ; Cyclone V          ; Cyclone V          ;
; Use smart compilation                                                           ; Off                ; Off                ;
; Enable parallel Assembler and TimeQuest Timing Analyzer during compilation      ; On                 ; On                 ;
; Enable compact report table                                                     ; Off                ; Off                ;
; Restructure Multiplexers                                                        ; Auto               ; Auto               ;
; MLAB Add Timing Constraints For Mixed-Port Feed-Through Mode Setting Don't Care ; Off                ; Off                ;
; Create Debugging Nodes for IP Cores                                             ; Off                ; Off                ;
; Preserve fewer node names                                                       ; On                 ; On                 ;
; Disable OpenCore Plus hardware evaluation                                       ; Off                ; Off                ;
; Verilog Version                                                                 ; Verilog_2001       ; Verilog_2001       ;
; VHDL Version                                                                    ; VHDL_1993          ; VHDL_1993          ;
; State Machine Processing                                                        ; Auto               ; Auto               ;
; Safe State Machine                                                              ; Off                ; Off                ;
; Extract Verilog State Machines                                                  ; On                 ; On                 ;
; Extract VHDL State Machines                                                     ; On                 ; On                 ;
; Ignore Verilog initial constructs                                               ; Off                ; Off                ;
; Iteration limit for constant Verilog loops                                      ; 5000               ; 5000               ;
; Iteration limit for non-constant Verilog loops                                  ; 250                ; 250                ;
; Add Pass-Through Logic to Inferred RAMs                                         ; On                 ; On                 ;
; Infer RAMs from Raw Logic                                                       ; On                 ; On                 ;
; Parallel Synthesis                                                              ; On                 ; On                 ;
; DSP Block Balancing                                                             ; Auto               ; Auto               ;
; NOT Gate Push-Back                                                              ; On                 ; On                 ;
; Power-Up Don't Care                                                             ; On                 ; On                 ;
; Remove Redundant Logic Cells                                                    ; Off                ; Off                ;
; Remove Duplicate Registers                                                      ; On                 ; On                 ;
; Ignore CARRY Buffers                                                            ; Off                ; Off                ;
; Ignore CASCADE Buffers                                                          ; Off                ; Off                ;
; Ignore GLOBAL Buffers                                                           ; Off                ; Off                ;
; Ignore ROW GLOBAL Buffers                                                       ; Off                ; Off                ;
; Ignore LCELL Buffers                                                            ; Off                ; Off                ;
; Ignore SOFT Buffers                                                             ; On                 ; On                 ;
; Limit AHDL Integers to 32 Bits                                                  ; Off                ; Off                ;
; Optimization Technique                                                          ; Balanced           ; Balanced           ;
; Carry Chain Length                                                              ; 70                 ; 70                 ;
; Auto Carry Chains                                                               ; On                 ; On                 ;
; Auto Open-Drain Pins                                                            ; On                 ; On                 ;
; Perform WYSIWYG Primitive Resynthesis                                           ; Off                ; Off                ;
; Auto ROM Replacement                                                            ; On                 ; On                 ;
; Auto RAM Replacement                                                            ; On                 ; On                 ;
; Auto DSP Block Replacement                                                      ; On                 ; On                 ;
; Auto Shift Register Replacement                                                 ; Auto               ; Auto               ;
; Allow Shift Register Merging across Hierarchies                                 ; Auto               ; Auto               ;
; Auto Clock Enable Replacement                                                   ; On                 ; On                 ;
; Strict RAM Replacement                                                          ; Off                ; Off                ;
; Allow Synchronous Control Signals                                               ; On                 ; On                 ;
; Force Use of Synchronous Clear Signals                                          ; Off                ; Off                ;
; Auto Resource Sharing                                                           ; Off                ; Off                ;
; Allow Any RAM Size For Recognition                                              ; Off                ; Off                ;
; Allow Any ROM Size For Recognition                                              ; Off                ; Off                ;
; Allow Any Shift Register Size For Recognition                                   ; Off                ; Off                ;
; Use LogicLock Constraints during Resource Balancing                             ; On                 ; On                 ;
; Ignore translate_off and synthesis_off directives                               ; Off                ; Off                ;
; Timing-Driven Synthesis                                                         ; On                 ; On                 ;
; Report Parameter Settings                                                       ; On                 ; On                 ;
; Report Source Assignments                                                       ; On                 ; On                 ;
; Report Connectivity Checks                                                      ; On                 ; On                 ;
; Ignore Maximum Fan-Out Assignments                                              ; Off                ; Off                ;
; Synchronization Register Chain Length                                           ; 3                  ; 3                  ;
; PowerPlay Power Optimization During Synthesis                                   ; Normal compilation ; Normal compilation ;
; HDL message level                                                               ; Level2             ; Level2             ;
; Suppress Register Optimization Related Messages                                 ; Off                ; Off                ;
; Number of Removed Registers Reported in Synthesis Report                        ; 5000               ; 5000               ;
; Number of Swept Nodes Reported in Synthesis Report                              ; 5000               ; 5000               ;
; Number of Inverted Registers Reported in Synthesis Report                       ; 100                ; 100                ;
; Clock MUX Protection                                                            ; On                 ; On                 ;
; Auto Gated Clock Conversion                                                     ; Off                ; Off                ;
; Block Design Naming                                                             ; Auto               ; Auto               ;
; SDC constraint protection                                                       ; Off                ; Off                ;
; Synthesis Effort                                                                ; Auto               ; Auto               ;
; Shift Register Replacement - Allow Asynchronous Clear Signal                    ; On                 ; On                 ;
; Pre-Mapping Resynthesis Optimization                                            ; Off                ; Off                ;
; Analysis & Synthesis Message Level                                              ; Medium             ; Medium             ;
; Disable Register Merging Across Hierarchies                                     ; Auto               ; Auto               ;
; Resource Aware Inference For Block RAM                                          ; On                 ; On                 ;
; Synthesis Seed                                                                  ; 1                  ; 1                  ;
; Automatic Parallel Synthesis                                                    ; On                 ; On                 ;
; Partial Reconfiguration Bitstream ID                                            ; Off                ; Off                ;
+---------------------------------------------------------------------------------+--------------------+--------------------+


+------------------------------------------+
; Parallel Compilation                     ;
+----------------------------+-------------+
; Processors                 ; Number      ;
+----------------------------+-------------+
; Number detected on machine ; 8           ;
; Maximum allowed            ; 4           ;
;                            ;             ;
; Average used               ; 1.00        ;
; Maximum used               ; 4           ;
;                            ;             ;
; Usage by Processor         ; % Time Used ;
;     Processor 1            ; 100.0%      ;
;     Processors 2-4         ;   0.0%      ;
+----------------------------+-------------+


+--------------------------------------------------------------------------------------------------------------------------------+
; Analysis & Synthesis Source Files Read                                                                                         ;
+----------------------------------+-----------------+------------------------+----------------------------------------+---------+
; File Name with User-Entered Path ; Used in Netlist ; File Type              ; File Name with Absolute Path           ; Library ;
+----------------------------------+-----------------+------------------------+----------------------------------------+---------+
; ../ex7_top/lfsr7bit.v            ; yes             ; User Verilog HDL File  ; H:/VERI/part_2/ex7_top/lfsr7bit.v      ;         ;
; ex8_top.v                        ; yes             ; User Verilog HDL File  ; H:/VERI/part_2/ex8/ex8_top.v           ;         ;
; ../ex6_top/divider_50000.v       ; yes             ; User Verilog HDL File  ; H:/VERI/part_2/ex6_top/divider_50000.v ;         ;
; fsm.v                            ; yes             ; User Verilog HDL File  ; H:/VERI/part_2/ex8/fsm.v               ;         ;
; delay.v                          ; yes             ; User Verilog HDL File  ; H:/VERI/part_2/ex8/delay.v             ;         ;
; ../mylib/hex_to_7seg.v           ; yes             ; User Verilog HDL File  ; H:/VERI/part_2/mylib/hex_to_7seg.v     ;         ;
; ../mylib/bin2bcd_16.v            ; yes             ; User Verilog HDL File  ; H:/VERI/part_2/mylib/bin2bcd_16.v      ;         ;
; div_2500.v                       ; yes             ; User Verilog HDL File  ; H:/VERI/part_2/ex8/div_2500.v          ;         ;
; ../mylib/add3_ge5.v              ; yes             ; User Verilog HDL File  ; H:/VERI/part_2/mylib/add3_ge5.v        ;         ;
+----------------------------------+-----------------+------------------------+----------------------------------------+---------+


+--------------------------------------------------------------+
; Analysis & Synthesis Resource Usage Summary                  ;
+---------------------------------------------+----------------+
; Resource                                    ; Usage          ;
+---------------------------------------------+----------------+
; Estimate of Logic utilization (ALMs needed) ; 28             ;
;                                             ;                ;
; Combinational ALUT usage for logic          ; 48             ;
;     -- 7 input functions                    ; 0              ;
;     -- 6 input functions                    ; 3              ;
;     -- 5 input functions                    ; 6              ;
;     -- 4 input functions                    ; 6              ;
;     -- <=3 input functions                  ; 33             ;
;                                             ;                ;
; Dedicated logic registers                   ; 47             ;
;                                             ;                ;
; I/O pins                                    ; 50             ;
;                                             ;                ;
; Total DSP Blocks                            ; 0              ;
;                                             ;                ;
; Maximum fan-out node                        ; CLOCK_50~input ;
; Maximum fan-out                             ; 18             ;
; Total fan-out                               ; 341            ;
; Average fan-out                             ; 1.75           ;
+---------------------------------------------+----------------+


+-----------------------------------------------------------------------------------------------------------------------------------------------------------------------------+
; Analysis & Synthesis Resource Utilization by Entity                                                                                                                         ;
+----------------------------+-------------------+--------------+-------------------+------------+------+--------------+-------------------------+-------------+--------------+
; Compilation Hierarchy Node ; LC Combinationals ; LC Registers ; Block Memory Bits ; DSP Blocks ; Pins ; Virtual Pins ; Full Hierarchy Name     ; Entity Name ; Library Name ;
+----------------------------+-------------------+--------------+-------------------+------------+------+--------------+-------------------------+-------------+--------------+
; |ex8_top                   ; 48 (0)            ; 47 (0)       ; 0                 ; 0          ; 50   ; 0            ; |ex8_top                ; ex8_top     ; work         ;
;    |div_2500:clk3|         ; 21 (21)           ; 17 (17)      ; 0                 ; 0          ; 0    ; 0            ; |ex8_top|div_2500:clk3  ; div_2500    ; work         ;
;    |div_50000:clk2|        ; 20 (20)           ; 17 (17)      ; 0                 ; 0          ; 0    ; 0            ; |ex8_top|div_50000:clk2 ; div_50000   ; work         ;
;    |fsm:fs|                ; 7 (7)             ; 13 (13)      ; 0                 ; 0          ; 0    ; 0            ; |ex8_top|fsm:fs         ; fsm         ; work         ;
+----------------------------+-------------------+--------------+-------------------+------------+------+--------------+-------------------------+-------------+--------------+
Note: For table entries with two numbers listed, the numbers in parentheses indicate the number of resources of the given type used by the specific entity alone. The numbers listed outside of parentheses indicate the total resources of the given type used by the specific entity and all of its sub-entities in the hierarchy.


Encoding Type:  One-Hot
+-----------------------------------------------------------+
; State Machine - |ex8_top|delay:del|state                  ;
+----------------+------------+----------------+------------+
; Name           ; state.done ; state.counting ; state.idle ;
+----------------+------------+----------------+------------+
; state.idle     ; 0          ; 0              ; 0          ;
; state.counting ; 0          ; 1              ; 1          ;
; state.done     ; 1          ; 0              ; 1          ;
+----------------+------------+----------------+------------+


Encoding Type:  One-Hot
+----------------------------------------------------------------------------------+
; State Machine - |ex8_top|fsm:fs|state                                            ;
+-------------------------+-------------------------+-----------------+------------+
; Name                    ; state.state_start_delay ; state.start_led ; state.idle ;
+-------------------------+-------------------------+-----------------+------------+
; state.idle              ; 0                       ; 0               ; 0          ;
; state.start_led         ; 0                       ; 1               ; 1          ;
; state.state_start_delay ; 1                       ; 0               ; 1          ;
+-------------------------+-------------------------+-----------------+------------+


+--------------------------------------------------------------------------------------+
; Registers Removed During Synthesis                                                   ;
+----------------------------------------+---------------------------------------------+
; Register name                          ; Reason for Removal                          ;
+----------------------------------------+---------------------------------------------+
; lfsr7:lsfr_one|sreg[1]                 ; Stuck at VCC due to stuck port clock_enable ;
; lfsr7:lsfr_one|sreg[2..7]              ; Stuck at GND due to stuck port clock_enable ;
; fsm:fs|start_delay                     ; Stuck at GND due to stuck port data_in      ;
; delay:del|state.idle                   ; Lost fanout                                 ;
; delay:del|state.counting               ; Stuck at GND due to stuck port data_in      ;
; delay:del|state.done                   ; Stuck at GND due to stuck port data_in      ;
; delay:del|count[0..7]                  ; Stuck at GND due to stuck port clock_enable ;
; Total Number of Removed Registers = 19 ;                                             ;
+----------------------------------------+---------------------------------------------+


+---------------------------------------------------------------------------------------------------------------------------------------------+
; Removed Registers Triggering Further Register Optimizations                                                                                 ;
+--------------------------+--------------------------------+---------------------------------------------------------------------------------+
; Register name            ; Reason for Removal             ; Registers Removed due to This Register                                          ;
+--------------------------+--------------------------------+---------------------------------------------------------------------------------+
; lfsr7:lsfr_one|sreg[1]   ; Stuck at VCC                   ; lfsr7:lsfr_one|sreg[2], lfsr7:lsfr_one|sreg[3], lfsr7:lsfr_one|sreg[4],         ;
;                          ; due to stuck port clock_enable ; lfsr7:lsfr_one|sreg[5], lfsr7:lsfr_one|sreg[6], lfsr7:lsfr_one|sreg[7],         ;
;                          ;                                ; delay:del|count[0], delay:del|count[1], delay:del|count[2], delay:del|count[3], ;
;                          ;                                ; delay:del|count[4], delay:del|count[5], delay:del|count[6]                      ;
; delay:del|state.counting ; Stuck at GND                   ; delay:del|state.done                                                            ;
;                          ; due to stuck port data_in      ;                                                                                 ;
+--------------------------+--------------------------------+---------------------------------------------------------------------------------+


+------------------------------------------------------+
; General Register Statistics                          ;
+----------------------------------------------+-------+
; Statistic                                    ; Value ;
+----------------------------------------------+-------+
; Total registers                              ; 47    ;
; Number of registers using Synchronous Clear  ; 41    ;
; Number of registers using Synchronous Load   ; 0     ;
; Number of registers using Asynchronous Clear ; 0     ;
; Number of registers using Asynchronous Load  ; 0     ;
; Number of registers using Clock Enable       ; 11    ;
; Number of registers using Preset             ; 0     ;
+----------------------------------------------+-------+


+-------------------------------------------------------------------------------------------------------------------------------------------+
; Multiplexer Restructuring Statistics (Restructuring Performed)                                                                            ;
+--------------------+-----------+---------------+----------------------+------------------------+------------+-----------------------------+
; Multiplexer Inputs ; Bus Width ; Baseline Area ; Area if Restructured ; Saving if Restructured ; Registered ; Example Multiplexer Output  ;
+--------------------+-----------+---------------+----------------------+------------------------+------------+-----------------------------+
; 3:1                ; 8 bits    ; 16 LEs        ; 0 LEs                ; 16 LEs                 ; Yes        ; |ex8_top|delay:del|count[2] ;
; 5:1                ; 9 bits    ; 27 LEs        ; 0 LEs                ; 27 LEs                 ; Yes        ; |ex8_top|fsm:fs|sreg[1]     ;
; 6:1                ; 3 bits    ; 12 LEs        ; 6 LEs                ; 6 LEs                  ; No         ; |ex8_top|fsm:fs|Selector0   ;
+--------------------+-----------+---------------+----------------------+------------------------+------------+-----------------------------+


+-------------------------------------------------------------+
; Parameter Settings for User Entity Instance: div_50000:clk2 ;
+----------------+-------+------------------------------------+
; Parameter Name ; Value ; Type                               ;
+----------------+-------+------------------------------------+
; BIT_SZ         ; 16    ; Signed Integer                     ;
+----------------+-------+------------------------------------+
Note: In order to hide this table in the UI and the text report file, please set the "Show Parameter Settings in Synthesis Report" option in "Analysis and Synthesis Settings -> More Settings" to "Off".


+------------------------------------------------------------+
; Parameter Settings for User Entity Instance: div_2500:clk3 ;
+----------------+-------+-----------------------------------+
; Parameter Name ; Value ; Type                              ;
+----------------+-------+-----------------------------------+
; BIT_SZ         ; 16    ; Signed Integer                    ;
+----------------+-------+-----------------------------------+
Note: In order to hide this table in the UI and the text report file, please set the "Show Parameter Settings in Synthesis Report" option in "Analysis and Synthesis Settings -> More Settings" to "Off".


+-----------------------------------------------------+
; Parameter Settings for User Entity Instance: fsm:fs ;
+-------------------+-------+-------------------------+
; Parameter Name    ; Value ; Type                    ;
+-------------------+-------+-------------------------+
; idle              ; 001   ; Unsigned Binary         ;
; start_led         ; 010   ; Unsigned Binary         ;
; state_start_delay ; 100   ; Unsigned Binary         ;
; Nstate            ; 3     ; Signed Integer          ;
+-------------------+-------+-------------------------+
Note: In order to hide this table in the UI and the text report file, please set the "Show Parameter Settings in Synthesis Report" option in "Analysis and Synthesis Settings -> More Settings" to "Off".


+--------------------------------------------------------+
; Parameter Settings for User Entity Instance: delay:del ;
+----------------+-------+-------------------------------+
; Parameter Name ; Value ; Type                          ;
+----------------+-------+-------------------------------+
; idle           ; 001   ; Unsigned Binary               ;
; counting       ; 010   ; Unsigned Binary               ;
; done           ; 100   ; Unsigned Binary               ;
; nstate         ; 3     ; Signed Integer                ;
+----------------+-------+-------------------------------+
Note: In order to hide this table in the UI and the text report file, please set the "Show Parameter Settings in Synthesis Report" option in "Analysis and Synthesis Settings -> More Settings" to "Off".


+-----------------------------------------------------------------------------------------------------------------+
; Port Connectivity Checks: "bin2bcd_16:to_bcd|add3_ge5:A31"                                                      ;
+-------+--------+----------+-------------------------------------------------------------------------------------+
; Port  ; Type   ; Severity ; Details                                                                             ;
+-------+--------+----------+-------------------------------------------------------------------------------------+
; iW[3] ; Input  ; Info     ; Stuck at GND                                                                        ;
; oA[3] ; Output ; Info     ; Connected to dangling logic. Logic that only feeds a dangling port will be removed. ;
+-------+--------+----------+-------------------------------------------------------------------------------------+


+------------------------------------------------------------+
; Port Connectivity Checks: "bin2bcd_16:to_bcd|add3_ge5:A19" ;
+-------+-------+----------+---------------------------------+
; Port  ; Type  ; Severity ; Details                         ;
+-------+-------+----------+---------------------------------+
; iW[3] ; Input ; Info     ; Stuck at GND                    ;
+-------+-------+----------+---------------------------------+


+------------------------------------------------------------+
; Port Connectivity Checks: "bin2bcd_16:to_bcd|add3_ge5:A10" ;
+-------+-------+----------+---------------------------------+
; Port  ; Type  ; Severity ; Details                         ;
+-------+-------+----------+---------------------------------+
; iW[3] ; Input ; Info     ; Stuck at GND                    ;
+-------+-------+----------+---------------------------------+


+-----------------------------------------------------------+
; Port Connectivity Checks: "bin2bcd_16:to_bcd|add3_ge5:A4" ;
+-------+-------+----------+--------------------------------+
; Port  ; Type  ; Severity ; Details                        ;
+-------+-------+----------+--------------------------------+
; iW[3] ; Input ; Info     ; Stuck at GND                   ;
+-------+-------+----------+--------------------------------+


+-----------------------------------------------------------+
; Port Connectivity Checks: "bin2bcd_16:to_bcd|add3_ge5:A1" ;
+-------+-------+----------+--------------------------------+
; Port  ; Type  ; Severity ; Details                        ;
+-------+-------+----------+--------------------------------+
; iW[3] ; Input ; Info     ; Stuck at GND                   ;
+-------+-------+----------+--------------------------------+


+-----------------------------------------------------------------------------------------------------------------------------------------------------------------------+
; Port Connectivity Checks: "bin2bcd_16:to_bcd"                                                                                                                         ;
+------+-------+----------+---------------------------------------------------------------------------------------------------------------------------------------------+
; Port ; Type  ; Severity ; Details                                                                                                                                     ;
+------+-------+----------+---------------------------------------------------------------------------------------------------------------------------------------------+
; B    ; Input ; Warning  ; Input port expression (8 bits) is smaller than the input port (16 bits) it drives.  Extra input bit(s) "B[15..8]" will be connected to GND. ;
+------+-------+----------+---------------------------------------------------------------------------------------------------------------------------------------------+


+-----------------------------------------------------+
; Post-Synthesis Netlist Statistics for Top Partition ;
+-----------------------+-----------------------------+
; Type                  ; Count                       ;
+-----------------------+-----------------------------+
; arriav_ff             ; 47                          ;
;     ENA               ; 2                           ;
;     ENA SCLR          ; 9                           ;
;     SCLR              ; 32                          ;
;     plain             ; 4                           ;
; arriav_lcell_comb     ; 50                          ;
;     arith             ; 32                          ;
;         1 data inputs ; 32                          ;
;     normal            ; 18                          ;
;         0 data inputs ; 2                           ;
;         2 data inputs ; 1                           ;
;         4 data inputs ; 6                           ;
;         5 data inputs ; 6                           ;
;         6 data inputs ; 3                           ;
; boundary_port         ; 50                          ;
;                       ;                             ;
; Max LUT depth         ; 2.50                        ;
; Average LUT depth     ; 1.97                        ;
+-----------------------+-----------------------------+


+-------------------------------+
; Elapsed Time Per Partition    ;
+----------------+--------------+
; Partition Name ; Elapsed Time ;
+----------------+--------------+
; Top            ; 00:00:00     ;
+----------------+--------------+


+-------------------------------+
; Analysis & Synthesis Messages ;
+-------------------------------+
Info: *******************************************************************
Info: Running Quartus Prime Analysis & Synthesis
    Info: Version 16.0.0 Build 211 04/27/2016 SJ Standard Edition
    Info: Processing started: Fri Dec 01 12:52:31 2017
Info: Command: quartus_map --read_settings_files=on --write_settings_files=off ex8 -c ex8
Warning (18236): Number of processors has not been specified which may cause overloading on shared machines.  Set the global assignment NUM_PARALLEL_PROCESSORS in your QSF to an appropriate value for best performance.
Info (20030): Parallel compilation is enabled and will use 4 of the 4 processors detected
Info (12021): Found 1 design units, including 1 entities, in source file /veri/part_2/ex7_top/lfsr7bit.v
    Info (12023): Found entity 1: lfsr7 File: H:/VERI/part_2/ex7_top/lfsr7bit.v Line: 4
Info (12021): Found 1 design units, including 1 entities, in source file ex8_top.v
    Info (12023): Found entity 1: ex8_top File: H:/VERI/part_2/ex8/ex8_top.v Line: 1
Info (12021): Found 1 design units, including 1 entities, in source file /veri/part_2/ex6_top/divider_50000.v
    Info (12023): Found entity 1: div_50000 File: H:/VERI/part_2/ex6_top/divider_50000.v Line: 3
Info (12021): Found 1 design units, including 1 entities, in source file fsm.v
    Info (12023): Found entity 1: fsm File: H:/VERI/part_2/ex8/fsm.v Line: 1
Info (12021): Found 1 design units, including 1 entities, in source file delay.v
    Info (12023): Found entity 1: delay File: H:/VERI/part_2/ex8/delay.v Line: 1
Info (12021): Found 1 design units, including 1 entities, in source file /veri/part_2/mylib/hex_to_7seg.v
    Info (12023): Found entity 1: hex_to_7seg File: H:/VERI/part_2/mylib/hex_to_7seg.v Line: 1
Info (12021): Found 1 design units, including 1 entities, in source file /veri/part_2/mylib/bin2bcd_16.v
    Info (12023): Found entity 1: bin2bcd_16 File: H:/VERI/part_2/mylib/bin2bcd_16.v Line: 12
Warning (10261): Verilog HDL Event Control warning at div_2500.v(17): Event Control contains a complex event expression File: H:/VERI/part_2/ex8/div_2500.v Line: 17
Info (12021): Found 1 design units, including 1 entities, in source file div_2500.v
    Info (12023): Found entity 1: div_2500 File: H:/VERI/part_2/ex8/div_2500.v Line: 3
Info (12021): Found 1 design units, including 1 entities, in source file /veri/part_2/mylib/add3_ge5.v
    Info (12023): Found entity 1: add3_ge5 File: H:/VERI/part_2/mylib/add3_ge5.v Line: 9
Info (12127): Elaborating entity "ex8_top" for the top level hierarchy
Info (12128): Elaborating entity "div_50000" for hierarchy "div_50000:clk2" File: H:/VERI/part_2/ex8/ex8_top.v Line: 30
Info (12128): Elaborating entity "div_2500" for hierarchy "div_2500:clk3" File: H:/VERI/part_2/ex8/ex8_top.v Line: 31
Info (12128): Elaborating entity "fsm" for hierarchy "fsm:fs" File: H:/VERI/part_2/ex8/ex8_top.v Line: 34
Warning (10034): Output port "en_lfsr" at fsm.v(8) has no driver File: H:/VERI/part_2/ex8/fsm.v Line: 8
Info (12128): Elaborating entity "lfsr7" for hierarchy "lfsr7:lsfr_one" File: H:/VERI/part_2/ex8/ex8_top.v Line: 36
Info (12128): Elaborating entity "delay" for hierarchy "delay:del" File: H:/VERI/part_2/ex8/ex8_top.v Line: 38
Info (12128): Elaborating entity "bin2bcd_16" for hierarchy "bin2bcd_16:to_bcd" File: H:/VERI/part_2/ex8/ex8_top.v Line: 40
Info (12128): Elaborating entity "add3_ge5" for hierarchy "bin2bcd_16:to_bcd|add3_ge5:A1" File: H:/VERI/part_2/mylib/bin2bcd_16.v Line: 26
Info (12128): Elaborating entity "hex_to_7seg" for hierarchy "hex_to_7seg:BIT1" File: H:/VERI/part_2/ex8/ex8_top.v Line: 42
Warning (12241): 1 hierarchies have connectivity warnings - see the Connectivity Checks report folder
Warning (13024): Output pins are stuck at VCC or GND
    Warning (13410): Pin "HEX0[0]" is stuck at VCC File: H:/VERI/part_2/ex8/ex8_top.v Line: 26
    Warning (13410): Pin "HEX0[1]" is stuck at GND File: H:/VERI/part_2/ex8/ex8_top.v Line: 26
    Warning (13410): Pin "HEX0[2]" is stuck at GND File: H:/VERI/part_2/ex8/ex8_top.v Line: 26
    Warning (13410): Pin "HEX0[3]" is stuck at VCC File: H:/VERI/part_2/ex8/ex8_top.v Line: 26
    Warning (13410): Pin "HEX0[4]" is stuck at VCC File: H:/VERI/part_2/ex8/ex8_top.v Line: 26
    Warning (13410): Pin "HEX0[5]" is stuck at VCC File: H:/VERI/part_2/ex8/ex8_top.v Line: 26
    Warning (13410): Pin "HEX0[6]" is stuck at VCC File: H:/VERI/part_2/ex8/ex8_top.v Line: 26
    Warning (13410): Pin "HEX1[0]" is stuck at GND File: H:/VERI/part_2/ex8/ex8_top.v Line: 26
    Warning (13410): Pin "HEX1[1]" is stuck at GND File: H:/VERI/part_2/ex8/ex8_top.v Line: 26
    Warning (13410): Pin "HEX1[2]" is stuck at GND File: H:/VERI/part_2/ex8/ex8_top.v Line: 26
    Warning (13410): Pin "HEX1[3]" is stuck at GND File: H:/VERI/part_2/ex8/ex8_top.v Line: 26
    Warning (13410): Pin "HEX1[4]" is stuck at GND File: H:/VERI/part_2/ex8/ex8_top.v Line: 26
    Warning (13410): Pin "HEX1[5]" is stuck at GND File: H:/VERI/part_2/ex8/ex8_top.v Line: 26
    Warning (13410): Pin "HEX1[6]" is stuck at VCC File: H:/VERI/part_2/ex8/ex8_top.v Line: 26
    Warning (13410): Pin "HEX2[0]" is stuck at GND File: H:/VERI/part_2/ex8/ex8_top.v Line: 26
    Warning (13410): Pin "HEX2[1]" is stuck at GND File: H:/VERI/part_2/ex8/ex8_top.v Line: 26
    Warning (13410): Pin "HEX2[2]" is stuck at GND File: H:/VERI/part_2/ex8/ex8_top.v Line: 26
    Warning (13410): Pin "HEX2[3]" is stuck at GND File: H:/VERI/part_2/ex8/ex8_top.v Line: 26
    Warning (13410): Pin "HEX2[4]" is stuck at GND File: H:/VERI/part_2/ex8/ex8_top.v Line: 26
    Warning (13410): Pin "HEX2[5]" is stuck at GND File: H:/VERI/part_2/ex8/ex8_top.v Line: 26
    Warning (13410): Pin "HEX2[6]" is stuck at VCC File: H:/VERI/part_2/ex8/ex8_top.v Line: 26
    Warning (13410): Pin "HEX3[0]" is stuck at GND File: H:/VERI/part_2/ex8/ex8_top.v Line: 26
    Warning (13410): Pin "HEX3[1]" is stuck at GND File: H:/VERI/part_2/ex8/ex8_top.v Line: 26
    Warning (13410): Pin "HEX3[2]" is stuck at GND File: H:/VERI/part_2/ex8/ex8_top.v Line: 26
    Warning (13410): Pin "HEX3[3]" is stuck at GND File: H:/VERI/part_2/ex8/ex8_top.v Line: 26
    Warning (13410): Pin "HEX3[4]" is stuck at GND File: H:/VERI/part_2/ex8/ex8_top.v Line: 26
    Warning (13410): Pin "HEX3[5]" is stuck at GND File: H:/VERI/part_2/ex8/ex8_top.v Line: 26
    Warning (13410): Pin "HEX3[6]" is stuck at VCC File: H:/VERI/part_2/ex8/ex8_top.v Line: 26
    Warning (13410): Pin "HEX4[0]" is stuck at GND File: H:/VERI/part_2/ex8/ex8_top.v Line: 26
    Warning (13410): Pin "HEX4[1]" is stuck at GND File: H:/VERI/part_2/ex8/ex8_top.v Line: 26
    Warning (13410): Pin "HEX4[2]" is stuck at GND File: H:/VERI/part_2/ex8/ex8_top.v Line: 26
    Warning (13410): Pin "HEX4[3]" is stuck at GND File: H:/VERI/part_2/ex8/ex8_top.v Line: 26
    Warning (13410): Pin "HEX4[4]" is stuck at GND File: H:/VERI/part_2/ex8/ex8_top.v Line: 26
    Warning (13410): Pin "HEX4[5]" is stuck at GND File: H:/VERI/part_2/ex8/ex8_top.v Line: 26
    Warning (13410): Pin "HEX4[6]" is stuck at VCC File: H:/VERI/part_2/ex8/ex8_top.v Line: 26
Info (286030): Timing-Driven Synthesis is running
Info (17049): 1 registers lost all their fanouts during netlist optimizations.
Info (144001): Generated suppressed messages file H:/VERI/part_2/ex8/output_files/ex8.map.smsg
Info (16010): Generating hard_block partition "hard_block:auto_generated_inst"
    Info (16011): Adding 0 node(s), including 0 DDIO, 0 PLL, 0 transceiver and 0 LCELL
Warning (21074): Design contains 3 input pin(s) that do not drive logic
    Warning (15610): No output dependent on input pin "KEY[0]" File: H:/VERI/part_2/ex8/ex8_top.v Line: 4
    Warning (15610): No output dependent on input pin "KEY[1]" File: H:/VERI/part_2/ex8/ex8_top.v Line: 4
    Warning (15610): No output dependent on input pin "KEY[2]" File: H:/VERI/part_2/ex8/ex8_top.v Line: 4
Info (21057): Implemented 110 device resources after synthesis - the final resource count might be different
    Info (21058): Implemented 5 input pins
    Info (21059): Implemented 45 output pins
    Info (21061): Implemented 60 logic cells
Info: Quartus Prime Analysis & Synthesis was successful. 0 errors, 44 warnings
    Info: Peak virtual memory: 893 megabytes
    Info: Processing ended: Fri Dec 01 12:52:43 2017
    Info: Elapsed time: 00:00:12
    Info: Total CPU time (on all processors): 00:00:21


+------------------------------------------+
; Analysis & Synthesis Suppressed Messages ;
+------------------------------------------+
The suppressed messages can be found in H:/VERI/part_2/ex8/output_files/ex8.map.smsg.


